<?xml version="1.0" encoding="UTF-8"?>
<coverage generated="1596205081722" clover="3.2.0">
  <project timestamp="1596205081722" name="All files">
    <metrics statements="191" coveredstatements="160" conditionals="127" coveredconditionals="85" methods="61" coveredmethods="44" elements="379" coveredelements="289" complexity="0" loc="191" ncloc="191" packages="1" files="1" classes="1"/>
    <file name="methods.js" path="C:\Users\desse\Documents\github\projects\vue-teddy-store\src\methods.js">
      <metrics statements="191" coveredstatements="160" conditionals="127" coveredconditionals="85" methods="61" coveredmethods="44"/>
      <line num="8" count="16" type="stmt"/>
      <line num="9" count="16" type="stmt"/>
      <line num="11" count="16" type="cond" truecount="2" falsecount="0"/>
      <line num="12" count="617" type="stmt"/>
      <line num="13" count="617" type="stmt"/>
      <line num="14" count="617" type="cond" truecount="4" falsecount="0"/>
      <line num="15" count="1" type="stmt"/>
      <line num="16" count="1" type="cond" truecount="1" falsecount="1"/>
      <line num="17" count="1" type="cond" truecount="1" falsecount="1"/>
      <line num="18" count="616" type="cond" truecount="4" falsecount="0"/>
      <line num="19" count="596" type="cond" truecount="1" falsecount="1"/>
      <line num="20" count="596" type="cond" truecount="1" falsecount="1"/>
      <line num="21" count="20" type="cond" truecount="3" falsecount="1"/>
      <line num="22" count="0" type="cond" truecount="0" falsecount="2"/>
      <line num="23" count="0" type="cond" truecount="0" falsecount="2"/>
      <line num="26" count="617" type="cond" truecount="1" falsecount="1"/>
      <line num="27" count="617" type="cond" truecount="1" falsecount="1"/>
      <line num="29" count="617" type="stmt"/>
      <line num="32" count="16" type="stmt"/>
      <line num="33" count="50" type="cond" truecount="1" falsecount="1"/>
      <line num="34" count="50" type="cond" truecount="1" falsecount="1"/>
      <line num="35" count="50" type="stmt"/>
      <line num="36" count="50" type="stmt"/>
      <line num="37" count="50" type="stmt"/>
      <line num="38" count="50" type="stmt"/>
      <line num="39" count="50" type="stmt"/>
      <line num="40" count="50" type="stmt"/>
      <line num="43" count="16" type="stmt"/>
      <line num="44" count="127" type="cond" truecount="2" falsecount="0"/>
      <line num="47" count="16" type="cond" truecount="0" falsecount="1"/>
      <line num="48" count="125" type="stmt"/>
      <line num="49" count="125" type="cond" truecount="2" falsecount="0"/>
      <line num="50" count="67" type="stmt"/>
      <line num="51" count="65" type="stmt"/>
      <line num="53" count="3" type="stmt"/>
      <line num="58" count="125" type="stmt"/>
      <line num="61" count="16" type="stmt"/>
      <line num="62" count="58" type="stmt"/>
      <line num="63" count="58" type="stmt"/>
      <line num="66" count="16" type="stmt"/>
      <line num="67" count="54" type="stmt"/>
      <line num="68" count="54" type="cond" truecount="2" falsecount="0"/>
      <line num="69" count="54" type="stmt"/>
      <line num="70" count="4" type="cond" truecount="1" falsecount="1"/>
      <line num="71" count="0" type="stmt"/>
      <line num="72" count="4" type="cond" truecount="1" falsecount="1"/>
      <line num="73" count="4" type="stmt"/>
      <line num="75" count="4" type="stmt"/>
      <line num="79" count="16" type="stmt"/>
      <line num="80" count="52" type="stmt"/>
      <line num="81" count="52" type="cond" truecount="1" falsecount="1"/>
      <line num="82" count="52" type="stmt"/>
      <line num="85" count="16" type="stmt"/>
      <line num="86" count="56" type="stmt"/>
      <line num="87" count="56" type="cond" truecount="2" falsecount="0"/>
      <line num="88" count="56" type="stmt"/>
      <line num="89" count="6" type="cond" truecount="1" falsecount="1"/>
      <line num="90" count="6" type="stmt"/>
      <line num="92" count="6" type="stmt"/>
      <line num="96" count="16" type="stmt"/>
      <line num="97" count="54" type="stmt"/>
      <line num="98" count="54" type="cond" truecount="1" falsecount="1"/>
      <line num="99" count="54" type="stmt"/>
      <line num="102" count="16" type="stmt"/>
      <line num="103" count="58" type="stmt"/>
      <line num="104" count="58" type="stmt"/>
      <line num="106" count="58" type="stmt"/>
      <line num="107" count="58" type="cond" truecount="2" falsecount="0"/>
      <line num="108" count="3" type="stmt"/>
      <line num="109" count="55" type="cond" truecount="2" falsecount="0"/>
      <line num="110" count="5" type="stmt"/>
      <line num="114" count="58" type="cond" truecount="2" falsecount="0"/>
      <line num="116" count="8" type="stmt"/>
      <line num="117" count="14" type="stmt"/>
      <line num="118" count="14" type="stmt"/>
      <line num="119" count="14" type="stmt"/>
      <line num="128" count="14" type="cond" truecount="2" falsecount="0"/>
      <line num="129" count="8" type="stmt"/>
      <line num="132" count="10" type="cond" truecount="4" falsecount="1"/>
      <line num="133" count="10" type="cond" truecount="1" falsecount="0"/>
      <line num="135" count="10" type="cond" truecount="2" falsecount="0"/>
      <line num="136" count="5" type="stmt"/>
      <line num="139" count="7" type="cond" truecount="1" falsecount="1"/>
      <line num="140" count="0" type="stmt"/>
      <line num="141" count="0" type="stmt"/>
      <line num="142" count="0" type="stmt"/>
      <line num="149" count="12" type="stmt"/>
      <line num="152" count="14" type="stmt"/>
      <line num="156" count="16" type="stmt"/>
      <line num="157" count="54" type="stmt"/>
      <line num="158" count="54" type="cond" truecount="1" falsecount="1"/>
      <line num="159" count="54" type="stmt"/>
      <line num="162" count="16" type="stmt"/>
      <line num="163" count="4" type="stmt"/>
      <line num="164" count="4" type="cond" truecount="1" falsecount="1"/>
      <line num="165" count="4" type="cond" truecount="3" falsecount="0"/>
      <line num="167" count="0" type="stmt"/>
      <line num="171" count="16" type="stmt"/>
      <line num="172" count="0" type="stmt"/>
      <line num="173" count="0" type="stmt"/>
      <line num="174" count="0" type="cond" truecount="0" falsecount="2"/>
      <line num="178" count="16" type="stmt"/>
      <line num="186" count="16" type="stmt"/>
      <line num="187" count="2" type="stmt"/>
      <line num="188" count="2" type="cond" truecount="1" falsecount="1"/>
      <line num="189" count="2" type="stmt"/>
      <line num="190" count="2" type="stmt"/>
      <line num="192" count="0" type="stmt"/>
      <line num="195" count="0" type="stmt"/>
      <line num="199" count="16" type="stmt"/>
      <line num="200" count="12" type="stmt"/>
      <line num="201" count="12" type="stmt"/>
      <line num="204" count="16" type="stmt"/>
      <line num="205" count="13" type="stmt"/>
      <line num="206" count="13" type="cond" truecount="1" falsecount="1"/>
      <line num="209" count="16" type="stmt"/>
      <line num="210" count="9" type="stmt"/>
      <line num="211" count="3" type="cond" truecount="2" falsecount="0"/>
      <line num="215" count="16" type="stmt"/>
      <line num="216" count="19" type="stmt"/>
      <line num="217" count="19" type="stmt"/>
      <line num="220" count="16" type="stmt"/>
      <line num="221" count="9" type="stmt"/>
      <line num="222" count="9" type="cond" truecount="2" falsecount="0"/>
      <line num="226" count="16" type="stmt"/>
      <line num="227" count="6" type="stmt"/>
      <line num="228" count="6" type="stmt"/>
      <line num="236" count="6" type="cond" truecount="1" falsecount="1"/>
      <line num="237" count="0" type="stmt"/>
      <line num="238" count="0" type="stmt"/>
      <line num="239" count="0" type="stmt"/>
      <line num="244" count="6" type="cond" truecount="1" falsecount="1"/>
      <line num="245" count="0" type="stmt"/>
      <line num="246" count="0" type="stmt"/>
      <line num="247" count="0" type="stmt"/>
      <line num="252" count="6" type="stmt"/>
      <line num="256" count="16" type="cond" truecount="0" falsecount="1"/>
      <line num="257" count="8" type="cond" truecount="1" falsecount="1"/>
      <line num="258" count="0" type="stmt"/>
      <line num="260" count="8" type="cond" truecount="1" falsecount="1"/>
      <line num="261" count="14" type="cond" truecount="1" falsecount="1"/>
      <line num="262" count="0" type="stmt"/>
      <line num="264" count="14" type="cond" truecount="1" falsecount="1"/>
      <line num="265" count="14" type="cond" truecount="1" falsecount="1"/>
      <line num="266" count="14" type="stmt"/>
      <line num="272" count="16" type="cond" truecount="0" falsecount="1"/>
      <line num="273" count="7" type="stmt"/>
      <line num="297" count="16" type="cond" truecount="0" falsecount="1"/>
      <line num="298" count="507" type="cond" truecount="2" falsecount="0"/>
      <line num="299" count="507" type="stmt"/>
      <line num="302" count="16" type="cond" truecount="1" falsecount="0"/>
      <line num="303" count="2" type="stmt"/>
      <line num="304" count="40" type="stmt"/>
      <line num="305" count="2" type="stmt"/>
      <line num="308" count="16" type="cond" truecount="0" falsecount="1"/>
      <line num="309" count="0" type="stmt"/>
      <line num="312" count="16" type="cond" truecount="0" falsecount="1"/>
      <line num="313" count="0" type="stmt"/>
      <line num="314" count="0" type="stmt"/>
      <line num="315" count="0" type="stmt"/>
      <line num="318" count="16" type="stmt"/>
      <line num="319" count="505" type="stmt"/>
      <line num="320" count="505" type="stmt"/>
      <line num="321" count="505" type="cond" truecount="2" falsecount="0"/>
      <line num="322" count="67" type="stmt"/>
      <line num="324" count="505" type="cond" truecount="2" falsecount="0"/>
      <line num="325" count="67" type="stmt"/>
      <line num="332" count="67" type="stmt"/>
      <line num="334" count="505" type="stmt"/>
      <line num="337" count="16" type="cond" truecount="2" falsecount="0"/>
      <line num="338" count="5" type="stmt"/>
      <line num="339" count="100" type="stmt"/>
      <line num="340" count="5" type="stmt"/>
      <line num="343" count="16" type="cond" truecount="0" falsecount="1"/>
      <line num="344" count="0" type="stmt"/>
      <line num="347" count="16" type="stmt"/>
      <line num="348" count="0" type="stmt"/>
      <line num="351" count="16" type="stmt"/>
      <line num="352" count="0" type="stmt"/>
      <line num="355" count="16" type="stmt"/>
      <line num="356" count="0" type="stmt"/>
      <line num="359" count="16" type="stmt"/>
      <line num="360" count="7" type="cond" truecount="2" falsecount="0"/>
      <line num="361" count="3" type="cond" truecount="2" falsecount="0"/>
      <line num="362" count="3" type="cond" truecount="2" falsecount="0"/>
      <line num="363" count="3" type="cond" truecount="2" falsecount="2"/>
      <line num="364" count="3" type="stmt"/>
      <line num="366" count="0" type="stmt"/>
      <line num="367" count="0" type="stmt"/>
      <line num="368" count="0" type="stmt"/>
      <line num="372" count="4" type="stmt"/>
    </file>
  </project>
</coverage>
