<?xml version="1.0" encoding="UTF-8"?>
<coverage generated="1596052354080" clover="3.2.0">
  <project timestamp="1596052354081" name="All files">
    <metrics statements="211" coveredstatements="169" conditionals="140" coveredconditionals="93" methods="63" coveredmethods="45" elements="414" coveredelements="307" complexity="0" loc="211" ncloc="211" packages="1" files="4" classes="4"/>
    <file name="accessors.js" path="C:\Users\desse\Documents\github\projects\vue-teddy-store\src\accessors.js">
      <metrics statements="42" coveredstatements="25" conditionals="52" coveredconditionals="29" methods="4" coveredmethods="4"/>
      <line num="5" count="19" type="cond" truecount="4" falsecount="1"/>
      <line num="6" count="19" type="cond" truecount="5" falsecount="0"/>
      <line num="7" count="5" type="stmt"/>
      <line num="8" count="5" type="stmt"/>
      <line num="10" count="14" type="stmt"/>
      <line num="11" count="14" type="stmt"/>
      <line num="13" count="0" type="cond" truecount="0" falsecount="4"/>
      <line num="14" count="0" type="cond" truecount="0" falsecount="4"/>
      <line num="15" count="0" type="stmt"/>
      <line num="16" count="0" type="cond" truecount="0" falsecount="2"/>
      <line num="17" count="0" type="stmt"/>
      <line num="19" count="0" type="stmt"/>
      <line num="21" count="0" type="stmt"/>
      <line num="23" count="0" type="stmt"/>
      <line num="24" count="0" type="stmt"/>
      <line num="29" count="140" type="cond" truecount="1" falsecount="1"/>
      <line num="30" count="140" type="cond" truecount="2" falsecount="0"/>
      <line num="31" count="41" type="cond" truecount="1" falsecount="1"/>
      <line num="32" count="41" type="stmt"/>
      <line num="34" count="0" type="stmt"/>
      <line num="36" count="99" type="cond" truecount="3" falsecount="1"/>
      <line num="37" count="99" type="stmt"/>
      <line num="39" count="0" type="cond" truecount="0" falsecount="4"/>
      <line num="40" count="0" type="cond" truecount="0" falsecount="2"/>
      <line num="41" count="0" type="stmt"/>
      <line num="43" count="0" type="stmt"/>
      <line num="46" count="0" type="stmt"/>
      <line num="51" count="117" type="cond" truecount="3" falsecount="1"/>
      <line num="52" count="0" type="stmt"/>
      <line num="53" count="117" type="cond" truecount="1" falsecount="1"/>
      <line num="56" count="117" type="cond" truecount="5" falsecount="0"/>
      <line num="57" count="41" type="stmt"/>
      <line num="58" count="76" type="cond" truecount="4" falsecount="0"/>
      <line num="59" count="75" type="stmt"/>
      <line num="62" count="0" type="stmt"/>
      <line num="67" count="47" type="stmt"/>
      <line num="70" count="13" type="stmt"/>
      <line num="77" count="13" type="stmt"/>
      <line num="83" count="13" type="stmt"/>
      <line num="89" count="13" type="stmt"/>
      <line num="95" count="13" type="stmt"/>
      <line num="100" count="13" type="stmt"/>
    </file>
    <file name="index.js" path="C:\Users\desse\Documents\github\projects\vue-teddy-store\src\index.js">
      <metrics statements="0" coveredstatements="0" conditionals="0" coveredconditionals="0" methods="0" coveredmethods="0"/>
    </file>
    <file name="methods.js" path="C:\Users\desse\Documents\github\projects\vue-teddy-store\src\methods.js">
      <metrics statements="165" coveredstatements="140" conditionals="88" coveredconditionals="64" methods="59" coveredmethods="41"/>
      <line num="8" count="13" type="stmt"/>
      <line num="9" count="13" type="stmt"/>
      <line num="11" count="13" type="cond" truecount="2" falsecount="0"/>
      <line num="12" count="476" type="stmt"/>
      <line num="13" count="476" type="stmt"/>
      <line num="14" count="476" type="cond" truecount="2" falsecount="0"/>
      <line num="15" count="471" type="cond" truecount="1" falsecount="1"/>
      <line num="16" count="471" type="cond" truecount="1" falsecount="1"/>
      <line num="18" count="476" type="stmt"/>
      <line num="21" count="13" type="stmt"/>
      <line num="22" count="44" type="cond" truecount="1" falsecount="1"/>
      <line num="23" count="44" type="stmt"/>
      <line num="24" count="44" type="stmt"/>
      <line num="25" count="44" type="stmt"/>
      <line num="26" count="44" type="stmt"/>
      <line num="27" count="44" type="stmt"/>
      <line num="28" count="44" type="stmt"/>
      <line num="31" count="13" type="stmt"/>
      <line num="32" count="111" type="cond" truecount="2" falsecount="0"/>
      <line num="35" count="13" type="cond" truecount="0" falsecount="1"/>
      <line num="36" count="109" type="stmt"/>
      <line num="37" count="109" type="cond" truecount="2" falsecount="0"/>
      <line num="38" count="59" type="stmt"/>
      <line num="39" count="53" type="stmt"/>
      <line num="41" count="3" type="stmt"/>
      <line num="46" count="109" type="stmt"/>
      <line num="49" count="13" type="stmt"/>
      <line num="50" count="50" type="stmt"/>
      <line num="51" count="50" type="stmt"/>
      <line num="54" count="13" type="stmt"/>
      <line num="55" count="48" type="stmt"/>
      <line num="56" count="48" type="cond" truecount="2" falsecount="0"/>
      <line num="57" count="48" type="stmt"/>
      <line num="58" count="4" type="cond" truecount="1" falsecount="1"/>
      <line num="59" count="0" type="stmt"/>
      <line num="60" count="4" type="cond" truecount="1" falsecount="1"/>
      <line num="61" count="4" type="stmt"/>
      <line num="63" count="4" type="stmt"/>
      <line num="67" count="13" type="stmt"/>
      <line num="68" count="46" type="stmt"/>
      <line num="69" count="46" type="cond" truecount="1" falsecount="1"/>
      <line num="70" count="46" type="stmt"/>
      <line num="73" count="13" type="stmt"/>
      <line num="74" count="48" type="stmt"/>
      <line num="75" count="48" type="cond" truecount="2" falsecount="0"/>
      <line num="76" count="48" type="stmt"/>
      <line num="77" count="4" type="cond" truecount="1" falsecount="1"/>
      <line num="78" count="4" type="stmt"/>
      <line num="80" count="4" type="stmt"/>
      <line num="84" count="13" type="stmt"/>
      <line num="85" count="46" type="stmt"/>
      <line num="86" count="46" type="cond" truecount="1" falsecount="1"/>
      <line num="87" count="46" type="stmt"/>
      <line num="90" count="13" type="stmt"/>
      <line num="91" count="48" type="stmt"/>
      <line num="92" count="48" type="stmt"/>
      <line num="94" count="48" type="stmt"/>
      <line num="95" count="48" type="cond" truecount="2" falsecount="0"/>
      <line num="96" count="3" type="stmt"/>
      <line num="97" count="45" type="cond" truecount="2" falsecount="0"/>
      <line num="98" count="1" type="stmt"/>
      <line num="102" count="48" type="cond" truecount="2" falsecount="0"/>
      <line num="104" count="4" type="stmt"/>
      <line num="105" count="10" type="stmt"/>
      <line num="106" count="10" type="stmt"/>
      <line num="107" count="10" type="stmt"/>
      <line num="116" count="10" type="cond" truecount="2" falsecount="0"/>
      <line num="117" count="8" type="stmt"/>
      <line num="120" count="6" type="cond" truecount="4" falsecount="1"/>
      <line num="121" count="6" type="cond" truecount="1" falsecount="0"/>
      <line num="123" count="6" type="cond" truecount="2" falsecount="0"/>
      <line num="124" count="5" type="stmt"/>
      <line num="127" count="3" type="cond" truecount="1" falsecount="1"/>
      <line num="128" count="0" type="stmt"/>
      <line num="129" count="0" type="stmt"/>
      <line num="130" count="0" type="stmt"/>
      <line num="137" count="6" type="stmt"/>
      <line num="140" count="10" type="stmt"/>
      <line num="144" count="13" type="stmt"/>
      <line num="145" count="44" type="stmt"/>
      <line num="146" count="44" type="cond" truecount="1" falsecount="1"/>
      <line num="147" count="44" type="stmt"/>
      <line num="150" count="13" type="stmt"/>
      <line num="151" count="4" type="stmt"/>
      <line num="152" count="4" type="cond" truecount="1" falsecount="1"/>
      <line num="153" count="4" type="cond" truecount="3" falsecount="0"/>
      <line num="155" count="0" type="stmt"/>
      <line num="159" count="13" type="stmt"/>
      <line num="160" count="0" type="stmt"/>
      <line num="161" count="0" type="stmt"/>
      <line num="162" count="0" type="cond" truecount="0" falsecount="2"/>
      <line num="166" count="13" type="stmt"/>
      <line num="174" count="13" type="stmt"/>
      <line num="175" count="10" type="stmt"/>
      <line num="176" count="10" type="stmt"/>
      <line num="179" count="13" type="stmt"/>
      <line num="180" count="13" type="stmt"/>
      <line num="181" count="13" type="stmt"/>
      <line num="184" count="13" type="stmt"/>
      <line num="185" count="9" type="stmt"/>
      <line num="186" count="3" type="cond" truecount="2" falsecount="0"/>
      <line num="190" count="13" type="stmt"/>
      <line num="191" count="19" type="stmt"/>
      <line num="192" count="19" type="stmt"/>
      <line num="195" count="13" type="stmt"/>
      <line num="196" count="9" type="stmt"/>
      <line num="197" count="9" type="cond" truecount="2" falsecount="0"/>
      <line num="201" count="13" type="stmt"/>
      <line num="202" count="6" type="stmt"/>
      <line num="203" count="6" type="stmt"/>
      <line num="211" count="6" type="cond" truecount="1" falsecount="1"/>
      <line num="212" count="0" type="stmt"/>
      <line num="213" count="0" type="stmt"/>
      <line num="214" count="0" type="stmt"/>
      <line num="219" count="6" type="cond" truecount="1" falsecount="1"/>
      <line num="220" count="0" type="stmt"/>
      <line num="221" count="0" type="stmt"/>
      <line num="222" count="0" type="stmt"/>
      <line num="227" count="6" type="stmt"/>
      <line num="231" count="13" type="cond" truecount="0" falsecount="1"/>
      <line num="232" count="4" type="stmt"/>
      <line num="255" count="13" type="cond" truecount="0" falsecount="1"/>
      <line num="256" count="426" type="cond" truecount="2" falsecount="0"/>
      <line num="257" count="426" type="stmt"/>
      <line num="260" count="13" type="cond" truecount="1" falsecount="0"/>
      <line num="261" count="2" type="stmt"/>
      <line num="262" count="38" type="stmt"/>
      <line num="263" count="2" type="stmt"/>
      <line num="266" count="13" type="cond" truecount="0" falsecount="1"/>
      <line num="267" count="0" type="stmt"/>
      <line num="270" count="13" type="cond" truecount="0" falsecount="1"/>
      <line num="271" count="0" type="stmt"/>
      <line num="272" count="0" type="stmt"/>
      <line num="273" count="0" type="stmt"/>
      <line num="276" count="13" type="stmt"/>
      <line num="277" count="424" type="stmt"/>
      <line num="278" count="424" type="stmt"/>
      <line num="279" count="424" type="cond" truecount="2" falsecount="0"/>
      <line num="280" count="59" type="stmt"/>
      <line num="282" count="424" type="cond" truecount="2" falsecount="0"/>
      <line num="283" count="59" type="stmt"/>
      <line num="289" count="59" type="stmt"/>
      <line num="291" count="424" type="stmt"/>
      <line num="294" count="13" type="cond" truecount="2" falsecount="0"/>
      <line num="295" count="2" type="stmt"/>
      <line num="296" count="38" type="stmt"/>
      <line num="297" count="2" type="stmt"/>
      <line num="300" count="13" type="cond" truecount="0" falsecount="1"/>
      <line num="301" count="0" type="stmt"/>
      <line num="304" count="13" type="stmt"/>
      <line num="305" count="0" type="stmt"/>
      <line num="308" count="13" type="stmt"/>
      <line num="309" count="0" type="stmt"/>
      <line num="312" count="13" type="stmt"/>
      <line num="313" count="0" type="stmt"/>
      <line num="316" count="13" type="stmt"/>
      <line num="317" count="7" type="cond" truecount="2" falsecount="0"/>
      <line num="318" count="3" type="cond" truecount="2" falsecount="0"/>
      <line num="319" count="3" type="cond" truecount="2" falsecount="0"/>
      <line num="320" count="3" type="cond" truecount="2" falsecount="2"/>
      <line num="321" count="3" type="stmt"/>
      <line num="323" count="0" type="stmt"/>
      <line num="324" count="0" type="stmt"/>
      <line num="325" count="0" type="stmt"/>
      <line num="329" count="4" type="stmt"/>
    </file>
    <file name="store.js" path="C:\Users\desse\Documents\github\projects\vue-teddy-store\src\store.js">
      <metrics statements="4" coveredstatements="4" conditionals="0" coveredconditionals="0" methods="0" coveredmethods="0"/>
      <line num="3" count="13" type="stmt"/>
      <line num="5" count="13" type="stmt"/>
      <line num="6" count="13" type="stmt"/>
      <line num="8" count="13" type="stmt"/>
    </file>
  </project>
</coverage>
