{"C:\\Users\\desse\\Documents\\github\\projects\\vue-teddy-store\\src\\accessors.js": {"path":"C:\\Users\\desse\\Documents\\github\\projects\\vue-teddy-store\\src\\accessors.js","statementMap":{"0":{"start":{"line":7,"column":2},"end":{"line":22,"column":3}},"1":{"start":{"line":8,"column":4},"end":{"line":21,"column":5}},"2":{"start":{"line":9,"column":6},"end":{"line":13,"column":7}},"3":{"start":{"line":10,"column":8},"end":{"line":10,"column":42}},"4":{"start":{"line":12,"column":8},"end":{"line":12,"column":71}},"5":{"start":{"line":14,"column":6},"end":{"line":14,"column":28}},"6":{"start":{"line":16,"column":6},"end":{"line":20,"column":7}},"7":{"start":{"line":17,"column":8},"end":{"line":17,"column":25}},"8":{"start":{"line":19,"column":8},"end":{"line":19,"column":19}},"9":{"start":{"line":26,"column":2},"end":{"line":44,"column":3}},"10":{"start":{"line":27,"column":4},"end":{"line":43,"column":5}},"11":{"start":{"line":28,"column":6},"end":{"line":36,"column":7}},"12":{"start":{"line":29,"column":8},"end":{"line":33,"column":9}},"13":{"start":{"line":30,"column":10},"end":{"line":30,"column":31}},"14":{"start":{"line":32,"column":10},"end":{"line":32,"column":26}},"15":{"start":{"line":35,"column":8},"end":{"line":35,"column":23}},"16":{"start":{"line":38,"column":6},"end":{"line":42,"column":7}},"17":{"start":{"line":39,"column":8},"end":{"line":39,"column":24}},"18":{"start":{"line":41,"column":8},"end":{"line":41,"column":18}},"19":{"start":{"line":48,"column":2},"end":{"line":60,"column":3}},"20":{"start":{"line":49,"column":4},"end":{"line":49,"column":16}},"21":{"start":{"line":50,"column":9},"end":{"line":60,"column":3}},"22":{"start":{"line":53,"column":4},"end":{"line":57,"column":5}},"23":{"start":{"line":54,"column":6},"end":{"line":54,"column":17}},"24":{"start":{"line":55,"column":11},"end":{"line":57,"column":5}},"25":{"start":{"line":56,"column":6},"end":{"line":56,"column":17}},"26":{"start":{"line":59,"column":4},"end":{"line":59,"column":16}},"27":{"start":{"line":64,"column":22},"end":{"line":64,"column":35}},"28":{"start":{"line":65,"column":22},"end":{"line":65,"column":35}},"29":{"start":{"line":66,"column":2},"end":{"line":88,"column":3}},"30":{"start":{"line":67,"column":4},"end":{"line":71,"column":5}},"31":{"start":{"line":68,"column":6},"end":{"line":68,"column":34}},"32":{"start":{"line":70,"column":6},"end":{"line":70,"column":28}},"33":{"start":{"line":72,"column":4},"end":{"line":72,"column":15}},"34":{"start":{"line":73,"column":9},"end":{"line":88,"column":3}},"35":{"start":{"line":74,"column":4},"end":{"line":78,"column":5}},"36":{"start":{"line":75,"column":6},"end":{"line":75,"column":46}},"37":{"start":{"line":77,"column":6},"end":{"line":77,"column":24}},"38":{"start":{"line":79,"column":4},"end":{"line":82,"column":5}},"39":{"start":{"line":83,"column":4},"end":{"line":83,"column":15}},"40":{"start":{"line":87,"column":4},"end":{"line":87,"column":16}},"41":{"start":{"line":92,"column":2},"end":{"line":92,"column":61}},"42":{"start":{"line":95,"column":24},"end":{"line":100,"column":2}},"43":{"start":{"line":102,"column":24},"end":{"line":106,"column":2}},"44":{"start":{"line":108,"column":24},"end":{"line":114,"column":4}},"45":{"start":{"line":109,"column":2},"end":{"line":114,"column":4}},"46":{"start":{"line":116,"column":27},"end":{"line":123,"column":4}},"47":{"start":{"line":117,"column":2},"end":{"line":123,"column":4}},"48":{"start":{"line":125,"column":19},"end":{"line":129,"column":2}},"49":{"start":{"line":131,"column":19},"end":{"line":134,"column":2}},"50":{"start":{"line":136,"column":19},"end":{"line":139,"column":2}},"51":{"start":{"line":141,"column":22},"end":{"line":145,"column":2}}},"fnMap":{"0":{"name":"setProp","decl":{"start":{"line":6,"column":9},"end":{"line":6,"column":16}},"loc":{"start":{"line":6,"column":34},"end":{"line":23,"column":1}},"line":6},"1":{"name":"getProp","decl":{"start":{"line":25,"column":9},"end":{"line":25,"column":16}},"loc":{"start":{"line":25,"column":27},"end":{"line":45,"column":1}},"line":25},"2":{"name":"hasProp","decl":{"start":{"line":47,"column":9},"end":{"line":47,"column":16}},"loc":{"start":{"line":47,"column":27},"end":{"line":61,"column":1}},"line":47},"3":{"name":"removeProp","decl":{"start":{"line":63,"column":9},"end":{"line":63,"column":19}},"loc":{"start":{"line":63,"column":48},"end":{"line":89,"column":1}},"line":63},"4":{"name":"afterGetSteps","decl":{"start":{"line":91,"column":9},"end":{"line":91,"column":22}},"loc":{"start":{"line":91,"column":35},"end":{"line":93,"column":1}},"line":91},"5":{"name":"(anonymous_5)","decl":{"start":{"line":108,"column":24},"end":{"line":108,"column":25}},"loc":{"start":{"line":109,"column":2},"end":{"line":114,"column":4}},"line":109},"6":{"name":"(anonymous_6)","decl":{"start":{"line":116,"column":27},"end":{"line":116,"column":28}},"loc":{"start":{"line":117,"column":2},"end":{"line":123,"column":4}},"line":117}},"branchMap":{"0":{"loc":{"start":{"line":7,"column":2},"end":{"line":22,"column":3}},"type":"if","locations":[{"start":{"line":7,"column":2},"end":{"line":22,"column":3}},{"start":{"line":7,"column":2},"end":{"line":22,"column":3}}],"line":7},"1":{"loc":{"start":{"line":7,"column":6},"end":{"line":7,"column":41}},"type":"binary-expr","locations":[{"start":{"line":7,"column":6},"end":{"line":7,"column":19}},{"start":{"line":7,"column":23},"end":{"line":7,"column":41}}],"line":7},"2":{"loc":{"start":{"line":8,"column":4},"end":{"line":21,"column":5}},"type":"if","locations":[{"start":{"line":8,"column":4},"end":{"line":21,"column":5}},{"start":{"line":8,"column":4},"end":{"line":21,"column":5}}],"line":8},"3":{"loc":{"start":{"line":16,"column":6},"end":{"line":20,"column":7}},"type":"if","locations":[{"start":{"line":16,"column":6},"end":{"line":20,"column":7}},{"start":{"line":16,"column":6},"end":{"line":20,"column":7}}],"line":16},"4":{"loc":{"start":{"line":26,"column":2},"end":{"line":44,"column":3}},"type":"if","locations":[{"start":{"line":26,"column":2},"end":{"line":44,"column":3}},{"start":{"line":26,"column":2},"end":{"line":44,"column":3}}],"line":26},"5":{"loc":{"start":{"line":26,"column":6},"end":{"line":26,"column":41}},"type":"binary-expr","locations":[{"start":{"line":26,"column":6},"end":{"line":26,"column":19}},{"start":{"line":26,"column":23},"end":{"line":26,"column":41}}],"line":26},"6":{"loc":{"start":{"line":27,"column":4},"end":{"line":43,"column":5}},"type":"if","locations":[{"start":{"line":27,"column":4},"end":{"line":43,"column":5}},{"start":{"line":27,"column":4},"end":{"line":43,"column":5}}],"line":27},"7":{"loc":{"start":{"line":28,"column":6},"end":{"line":36,"column":7}},"type":"if","locations":[{"start":{"line":28,"column":6},"end":{"line":36,"column":7}},{"start":{"line":28,"column":6},"end":{"line":36,"column":7}}],"line":28},"8":{"loc":{"start":{"line":29,"column":8},"end":{"line":33,"column":9}},"type":"if","locations":[{"start":{"line":29,"column":8},"end":{"line":33,"column":9}},{"start":{"line":29,"column":8},"end":{"line":33,"column":9}}],"line":29},"9":{"loc":{"start":{"line":38,"column":6},"end":{"line":42,"column":7}},"type":"if","locations":[{"start":{"line":38,"column":6},"end":{"line":42,"column":7}},{"start":{"line":38,"column":6},"end":{"line":42,"column":7}}],"line":38},"10":{"loc":{"start":{"line":48,"column":2},"end":{"line":60,"column":3}},"type":"if","locations":[{"start":{"line":48,"column":2},"end":{"line":60,"column":3}},{"start":{"line":48,"column":2},"end":{"line":60,"column":3}}],"line":48},"11":{"loc":{"start":{"line":48,"column":6},"end":{"line":48,"column":43}},"type":"binary-expr","locations":[{"start":{"line":48,"column":6},"end":{"line":48,"column":20}},{"start":{"line":48,"column":24},"end":{"line":48,"column":43}}],"line":48},"12":{"loc":{"start":{"line":50,"column":9},"end":{"line":60,"column":3}},"type":"if","locations":[{"start":{"line":50,"column":9},"end":{"line":60,"column":3}},{"start":{"line":50,"column":9},"end":{"line":60,"column":3}}],"line":50},"13":{"loc":{"start":{"line":53,"column":4},"end":{"line":57,"column":5}},"type":"if","locations":[{"start":{"line":53,"column":4},"end":{"line":57,"column":5}},{"start":{"line":53,"column":4},"end":{"line":57,"column":5}}],"line":53},"14":{"loc":{"start":{"line":53,"column":8},"end":{"line":53,"column":56}},"type":"binary-expr","locations":[{"start":{"line":53,"column":8},"end":{"line":53,"column":23}},{"start":{"line":53,"column":27},"end":{"line":53,"column":36}},{"start":{"line":53,"column":40},"end":{"line":53,"column":56}}],"line":53},"15":{"loc":{"start":{"line":55,"column":11},"end":{"line":57,"column":5}},"type":"if","locations":[{"start":{"line":55,"column":11},"end":{"line":57,"column":5}},{"start":{"line":55,"column":11},"end":{"line":57,"column":5}}],"line":55},"16":{"loc":{"start":{"line":55,"column":15},"end":{"line":55,"column":32}},"type":"binary-expr","locations":[{"start":{"line":55,"column":15},"end":{"line":55,"column":18}},{"start":{"line":55,"column":22},"end":{"line":55,"column":32}}],"line":55},"17":{"loc":{"start":{"line":66,"column":2},"end":{"line":88,"column":3}},"type":"if","locations":[{"start":{"line":66,"column":2},"end":{"line":88,"column":3}},{"start":{"line":66,"column":2},"end":{"line":88,"column":3}}],"line":66},"18":{"loc":{"start":{"line":67,"column":4},"end":{"line":71,"column":5}},"type":"if","locations":[{"start":{"line":67,"column":4},"end":{"line":71,"column":5}},{"start":{"line":67,"column":4},"end":{"line":71,"column":5}}],"line":67},"19":{"loc":{"start":{"line":73,"column":9},"end":{"line":88,"column":3}},"type":"if","locations":[{"start":{"line":73,"column":9},"end":{"line":88,"column":3}},{"start":{"line":73,"column":9},"end":{"line":88,"column":3}}],"line":73},"20":{"loc":{"start":{"line":74,"column":4},"end":{"line":78,"column":5}},"type":"if","locations":[{"start":{"line":74,"column":4},"end":{"line":78,"column":5}},{"start":{"line":74,"column":4},"end":{"line":78,"column":5}}],"line":74},"21":{"loc":{"start":{"line":79,"column":4},"end":{"line":82,"column":5}},"type":"if","locations":[{"start":{"line":79,"column":4},"end":{"line":82,"column":5}},{"start":{"line":79,"column":4},"end":{"line":82,"column":5}}],"line":79},"22":{"loc":{"start":{"line":91,"column":23},"end":{"line":91,"column":33}},"type":"default-arg","locations":[{"start":{"line":91,"column":31},"end":{"line":91,"column":33}}],"line":91},"23":{"loc":{"start":{"line":92,"column":9},"end":{"line":92,"column":61}},"type":"cond-expr","locations":[{"start":{"line":92,"column":33},"end":{"line":92,"column":53}},{"start":{"line":92,"column":56},"end":{"line":92,"column":61}}],"line":92}},"s":{"0":19,"1":19,"2":19,"3":19,"4":0,"5":19,"6":0,"7":0,"8":0,"9":158,"10":158,"11":158,"12":45,"13":45,"14":0,"15":113,"16":0,"17":0,"18":0,"19":139,"20":0,"21":139,"22":139,"23":47,"24":92,"25":91,"26":0,"27":4,"28":4,"29":4,"30":1,"31":0,"32":1,"33":1,"34":3,"35":3,"36":2,"37":1,"38":3,"39":3,"40":0,"41":57,"42":18,"43":18,"44":18,"45":22,"46":18,"47":4,"48":18,"49":18,"50":18,"51":18},"f":{"0":19,"1":158,"2":139,"3":4,"4":57,"5":22,"6":4},"b":{"0":[19,0],"1":[19,9],"2":[19,0],"3":[0,0],"4":[158,0],"5":[158,31],"6":[158,0],"7":[45,113],"8":[45,0],"9":[0,0],"10":[0,139],"11":[139,27],"12":[139,0],"13":[47,92],"14":[139,48,48],"15":[91,1],"16":[92,92],"17":[1,3],"18":[0,1],"19":[3,0],"20":[2,1],"21":[3,0],"22":[0],"23":[53,4]},"_coverageSchema":"43e27e138ebf9cfc5966b082cf9a028302ed4184","hash":"dc382dbcb3b48c641a7a209a30a89d885e5ce9cf"}
}
