{"C:\\Users\\desse\\Documents\\github\\projects\\vue-teddy-store\\src\\accessors.js": {"path":"C:\\Users\\desse\\Documents\\github\\projects\\vue-teddy-store\\src\\accessors.js","statementMap":{"0":{"start":{"line":6,"column":15},"end":{"line":13,"column":1}},"1":{"start":{"line":7,"column":13},"end":{"line":7,"column":23}},"2":{"start":{"line":8,"column":2},"end":{"line":12,"column":3}},"3":{"start":{"line":9,"column":4},"end":{"line":11,"column":5}},"4":{"start":{"line":10,"column":6},"end":{"line":10,"column":21}},"5":{"start":{"line":17,"column":18},"end":{"line":17,"column":28}},"6":{"start":{"line":18,"column":2},"end":{"line":30,"column":3}},"7":{"start":{"line":19,"column":4},"end":{"line":23,"column":5}},"8":{"start":{"line":20,"column":6},"end":{"line":20,"column":35}},"9":{"start":{"line":22,"column":6},"end":{"line":22,"column":29}},"10":{"start":{"line":25,"column":4},"end":{"line":29,"column":5}},"11":{"start":{"line":26,"column":6},"end":{"line":26,"column":23}},"12":{"start":{"line":28,"column":6},"end":{"line":28,"column":17}},"13":{"start":{"line":55,"column":2},"end":{"line":69,"column":3}},"14":{"start":{"line":56,"column":4},"end":{"line":68,"column":5}},"15":{"start":{"line":57,"column":6},"end":{"line":61,"column":7}},"16":{"start":{"line":58,"column":8},"end":{"line":58,"column":29}},"17":{"start":{"line":60,"column":8},"end":{"line":60,"column":23}},"18":{"start":{"line":63,"column":6},"end":{"line":67,"column":7}},"19":{"start":{"line":64,"column":8},"end":{"line":64,"column":24}},"20":{"start":{"line":66,"column":8},"end":{"line":66,"column":18}},"21":{"start":{"line":73,"column":2},"end":{"line":85,"column":3}},"22":{"start":{"line":74,"column":4},"end":{"line":74,"column":16}},"23":{"start":{"line":75,"column":9},"end":{"line":85,"column":3}},"24":{"start":{"line":78,"column":4},"end":{"line":82,"column":5}},"25":{"start":{"line":79,"column":6},"end":{"line":79,"column":17}},"26":{"start":{"line":80,"column":11},"end":{"line":82,"column":5}},"27":{"start":{"line":81,"column":6},"end":{"line":81,"column":17}},"28":{"start":{"line":84,"column":4},"end":{"line":84,"column":16}},"29":{"start":{"line":89,"column":19},"end":{"line":89,"column":29}},"30":{"start":{"line":90,"column":19},"end":{"line":90,"column":29}},"31":{"start":{"line":92,"column":18},"end":{"line":92,"column":29}},"32":{"start":{"line":94,"column":2},"end":{"line":116,"column":3}},"33":{"start":{"line":95,"column":4},"end":{"line":99,"column":5}},"34":{"start":{"line":96,"column":6},"end":{"line":96,"column":31}},"35":{"start":{"line":98,"column":6},"end":{"line":98,"column":25}},"36":{"start":{"line":101,"column":4},"end":{"line":101,"column":13}},"37":{"start":{"line":102,"column":4},"end":{"line":102,"column":15}},"38":{"start":{"line":103,"column":9},"end":{"line":116,"column":3}},"39":{"start":{"line":104,"column":4},"end":{"line":108,"column":5}},"40":{"start":{"line":105,"column":6},"end":{"line":105,"column":40}},"41":{"start":{"line":107,"column":6},"end":{"line":107,"column":21}},"42":{"start":{"line":110,"column":4},"end":{"line":110,"column":13}},"43":{"start":{"line":111,"column":4},"end":{"line":111,"column":15}},"44":{"start":{"line":115,"column":4},"end":{"line":115,"column":16}},"45":{"start":{"line":120,"column":22},"end":{"line":120,"column":35}},"46":{"start":{"line":121,"column":22},"end":{"line":121,"column":35}},"47":{"start":{"line":123,"column":18},"end":{"line":123,"column":32}},"48":{"start":{"line":125,"column":2},"end":{"line":139,"column":3}},"49":{"start":{"line":126,"column":4},"end":{"line":138,"column":5}},"50":{"start":{"line":128,"column":6},"end":{"line":128,"column":30}},"51":{"start":{"line":129,"column":6},"end":{"line":129,"column":15}},"52":{"start":{"line":130,"column":6},"end":{"line":130,"column":38}},"53":{"start":{"line":133,"column":6},"end":{"line":133,"column":24}},"54":{"start":{"line":134,"column":6},"end":{"line":134,"column":15}},"55":{"start":{"line":137,"column":6},"end":{"line":137,"column":32}},"56":{"start":{"line":143,"column":22},"end":{"line":143,"column":35}},"57":{"start":{"line":144,"column":22},"end":{"line":144,"column":35}},"58":{"start":{"line":145,"column":2},"end":{"line":155,"column":3}},"59":{"start":{"line":146,"column":4},"end":{"line":154,"column":5}},"60":{"start":{"line":148,"column":6},"end":{"line":148,"column":33}},"61":{"start":{"line":149,"column":6},"end":{"line":149,"column":25}},"62":{"start":{"line":152,"column":6},"end":{"line":152,"column":27}},"63":{"start":{"line":153,"column":6},"end":{"line":153,"column":19}},"64":{"start":{"line":159,"column":22},"end":{"line":159,"column":35}},"65":{"start":{"line":160,"column":22},"end":{"line":160,"column":35}},"66":{"start":{"line":162,"column":18},"end":{"line":162,"column":32}},"67":{"start":{"line":164,"column":2},"end":{"line":178,"column":3}},"68":{"start":{"line":165,"column":4},"end":{"line":177,"column":5}},"69":{"start":{"line":167,"column":6},"end":{"line":167,"column":42}},"70":{"start":{"line":168,"column":6},"end":{"line":168,"column":15}},"71":{"start":{"line":169,"column":6},"end":{"line":169,"column":25}},"72":{"start":{"line":172,"column":6},"end":{"line":172,"column":36}},"73":{"start":{"line":173,"column":6},"end":{"line":173,"column":15}},"74":{"start":{"line":176,"column":6},"end":{"line":176,"column":19}},"75":{"start":{"line":182,"column":2},"end":{"line":182,"column":61}},"76":{"start":{"line":185,"column":24},"end":{"line":190,"column":2}},"77":{"start":{"line":192,"column":24},"end":{"line":196,"column":2}},"78":{"start":{"line":198,"column":24},"end":{"line":203,"column":2}},"79":{"start":{"line":205,"column":27},"end":{"line":210,"column":2}},"80":{"start":{"line":212,"column":25},"end":{"line":217,"column":2}},"81":{"start":{"line":219,"column":28},"end":{"line":224,"column":2}},"82":{"start":{"line":226,"column":27},"end":{"line":231,"column":2}},"83":{"start":{"line":233,"column":19},"end":{"line":237,"column":2}},"84":{"start":{"line":239,"column":19},"end":{"line":242,"column":2}},"85":{"start":{"line":244,"column":19},"end":{"line":247,"column":2}},"86":{"start":{"line":249,"column":22},"end":{"line":252,"column":2}},"87":{"start":{"line":254,"column":20},"end":{"line":258,"column":2}},"88":{"start":{"line":260,"column":23},"end":{"line":264,"column":2}},"89":{"start":{"line":266,"column":22},"end":{"line":270,"column":2}}},"fnMap":{"0":{"name":"(anonymous_0)","decl":{"start":{"line":6,"column":15},"end":{"line":6,"column":16}},"loc":{"start":{"line":6,"column":29},"end":{"line":13,"column":1}},"line":6},"1":{"name":"(anonymous_1)","decl":{"start":{"line":8,"column":9},"end":{"line":8,"column":10}},"loc":{"start":{"line":8,"column":15},"end":{"line":12,"column":3}},"line":8},"2":{"name":"setProp","decl":{"start":{"line":15,"column":9},"end":{"line":15,"column":16}},"loc":{"start":{"line":15,"column":34},"end":{"line":52,"column":1}},"line":15},"3":{"name":"getProp","decl":{"start":{"line":54,"column":9},"end":{"line":54,"column":16}},"loc":{"start":{"line":54,"column":27},"end":{"line":70,"column":1}},"line":54},"4":{"name":"hasProp","decl":{"start":{"line":72,"column":9},"end":{"line":72,"column":16}},"loc":{"start":{"line":72,"column":27},"end":{"line":86,"column":1}},"line":72},"5":{"name":"removeProp","decl":{"start":{"line":88,"column":9},"end":{"line":88,"column":19}},"loc":{"start":{"line":88,"column":30},"end":{"line":117,"column":1}},"line":88},"6":{"name":"pushProp","decl":{"start":{"line":119,"column":9},"end":{"line":119,"column":17}},"loc":{"start":{"line":119,"column":33},"end":{"line":140,"column":1}},"line":119},"7":{"name":"unshiftProp","decl":{"start":{"line":142,"column":9},"end":{"line":142,"column":20}},"loc":{"start":{"line":142,"column":36},"end":{"line":156,"column":1}},"line":142},"8":{"name":"insertProp","decl":{"start":{"line":158,"column":9},"end":{"line":158,"column":19}},"loc":{"start":{"line":158,"column":42},"end":{"line":179,"column":1}},"line":158},"9":{"name":"afterGetSteps","decl":{"start":{"line":181,"column":9},"end":{"line":181,"column":22}},"loc":{"start":{"line":181,"column":35},"end":{"line":183,"column":1}},"line":181}},"branchMap":{"0":{"loc":{"start":{"line":6,"column":16},"end":{"line":6,"column":24}},"type":"default-arg","locations":[{"start":{"line":6,"column":22},"end":{"line":6,"column":24}}],"line":6},"1":{"loc":{"start":{"line":9,"column":4},"end":{"line":11,"column":5}},"type":"if","locations":[{"start":{"line":9,"column":4},"end":{"line":11,"column":5}},{"start":{"line":9,"column":4},"end":{"line":11,"column":5}}],"line":9},"2":{"loc":{"start":{"line":18,"column":2},"end":{"line":30,"column":3}},"type":"if","locations":[{"start":{"line":18,"column":2},"end":{"line":30,"column":3}},{"start":{"line":18,"column":2},"end":{"line":30,"column":3}}],"line":18},"3":{"loc":{"start":{"line":18,"column":6},"end":{"line":18,"column":47}},"type":"binary-expr","locations":[{"start":{"line":18,"column":6},"end":{"line":18,"column":28}},{"start":{"line":18,"column":32},"end":{"line":18,"column":47}}],"line":18},"4":{"loc":{"start":{"line":19,"column":4},"end":{"line":23,"column":5}},"type":"if","locations":[{"start":{"line":19,"column":4},"end":{"line":23,"column":5}},{"start":{"line":19,"column":4},"end":{"line":23,"column":5}}],"line":19},"5":{"loc":{"start":{"line":25,"column":4},"end":{"line":29,"column":5}},"type":"if","locations":[{"start":{"line":25,"column":4},"end":{"line":29,"column":5}},{"start":{"line":25,"column":4},"end":{"line":29,"column":5}}],"line":25},"6":{"loc":{"start":{"line":55,"column":2},"end":{"line":69,"column":3}},"type":"if","locations":[{"start":{"line":55,"column":2},"end":{"line":69,"column":3}},{"start":{"line":55,"column":2},"end":{"line":69,"column":3}}],"line":55},"7":{"loc":{"start":{"line":55,"column":6},"end":{"line":55,"column":41}},"type":"binary-expr","locations":[{"start":{"line":55,"column":6},"end":{"line":55,"column":19}},{"start":{"line":55,"column":23},"end":{"line":55,"column":41}}],"line":55},"8":{"loc":{"start":{"line":56,"column":4},"end":{"line":68,"column":5}},"type":"if","locations":[{"start":{"line":56,"column":4},"end":{"line":68,"column":5}},{"start":{"line":56,"column":4},"end":{"line":68,"column":5}}],"line":56},"9":{"loc":{"start":{"line":57,"column":6},"end":{"line":61,"column":7}},"type":"if","locations":[{"start":{"line":57,"column":6},"end":{"line":61,"column":7}},{"start":{"line":57,"column":6},"end":{"line":61,"column":7}}],"line":57},"10":{"loc":{"start":{"line":63,"column":6},"end":{"line":67,"column":7}},"type":"if","locations":[{"start":{"line":63,"column":6},"end":{"line":67,"column":7}},{"start":{"line":63,"column":6},"end":{"line":67,"column":7}}],"line":63},"11":{"loc":{"start":{"line":73,"column":2},"end":{"line":85,"column":3}},"type":"if","locations":[{"start":{"line":73,"column":2},"end":{"line":85,"column":3}},{"start":{"line":73,"column":2},"end":{"line":85,"column":3}}],"line":73},"12":{"loc":{"start":{"line":73,"column":6},"end":{"line":73,"column":43}},"type":"binary-expr","locations":[{"start":{"line":73,"column":6},"end":{"line":73,"column":20}},{"start":{"line":73,"column":24},"end":{"line":73,"column":43}}],"line":73},"13":{"loc":{"start":{"line":75,"column":9},"end":{"line":85,"column":3}},"type":"if","locations":[{"start":{"line":75,"column":9},"end":{"line":85,"column":3}},{"start":{"line":75,"column":9},"end":{"line":85,"column":3}}],"line":75},"14":{"loc":{"start":{"line":78,"column":4},"end":{"line":82,"column":5}},"type":"if","locations":[{"start":{"line":78,"column":4},"end":{"line":82,"column":5}},{"start":{"line":78,"column":4},"end":{"line":82,"column":5}}],"line":78},"15":{"loc":{"start":{"line":78,"column":8},"end":{"line":78,"column":56}},"type":"binary-expr","locations":[{"start":{"line":78,"column":8},"end":{"line":78,"column":23}},{"start":{"line":78,"column":27},"end":{"line":78,"column":36}},{"start":{"line":78,"column":40},"end":{"line":78,"column":56}}],"line":78},"16":{"loc":{"start":{"line":80,"column":11},"end":{"line":82,"column":5}},"type":"if","locations":[{"start":{"line":80,"column":11},"end":{"line":82,"column":5}},{"start":{"line":80,"column":11},"end":{"line":82,"column":5}}],"line":80},"17":{"loc":{"start":{"line":80,"column":15},"end":{"line":80,"column":32}},"type":"binary-expr","locations":[{"start":{"line":80,"column":15},"end":{"line":80,"column":18}},{"start":{"line":80,"column":22},"end":{"line":80,"column":32}}],"line":80},"18":{"loc":{"start":{"line":94,"column":2},"end":{"line":116,"column":3}},"type":"if","locations":[{"start":{"line":94,"column":2},"end":{"line":116,"column":3}},{"start":{"line":94,"column":2},"end":{"line":116,"column":3}}],"line":94},"19":{"loc":{"start":{"line":95,"column":4},"end":{"line":99,"column":5}},"type":"if","locations":[{"start":{"line":95,"column":4},"end":{"line":99,"column":5}},{"start":{"line":95,"column":4},"end":{"line":99,"column":5}}],"line":95},"20":{"loc":{"start":{"line":103,"column":9},"end":{"line":116,"column":3}},"type":"if","locations":[{"start":{"line":103,"column":9},"end":{"line":116,"column":3}},{"start":{"line":103,"column":9},"end":{"line":116,"column":3}}],"line":103},"21":{"loc":{"start":{"line":104,"column":4},"end":{"line":108,"column":5}},"type":"if","locations":[{"start":{"line":104,"column":4},"end":{"line":108,"column":5}},{"start":{"line":104,"column":4},"end":{"line":108,"column":5}}],"line":104},"22":{"loc":{"start":{"line":125,"column":2},"end":{"line":139,"column":3}},"type":"if","locations":[{"start":{"line":125,"column":2},"end":{"line":139,"column":3}},{"start":{"line":125,"column":2},"end":{"line":139,"column":3}}],"line":125},"23":{"loc":{"start":{"line":126,"column":4},"end":{"line":138,"column":5}},"type":"if","locations":[{"start":{"line":126,"column":4},"end":{"line":138,"column":5}},{"start":{"line":126,"column":4},"end":{"line":138,"column":5}}],"line":126},"24":{"loc":{"start":{"line":145,"column":2},"end":{"line":155,"column":3}},"type":"if","locations":[{"start":{"line":145,"column":2},"end":{"line":155,"column":3}},{"start":{"line":145,"column":2},"end":{"line":155,"column":3}}],"line":145},"25":{"loc":{"start":{"line":146,"column":4},"end":{"line":154,"column":5}},"type":"if","locations":[{"start":{"line":146,"column":4},"end":{"line":154,"column":5}},{"start":{"line":146,"column":4},"end":{"line":154,"column":5}}],"line":146},"26":{"loc":{"start":{"line":164,"column":2},"end":{"line":178,"column":3}},"type":"if","locations":[{"start":{"line":164,"column":2},"end":{"line":178,"column":3}},{"start":{"line":164,"column":2},"end":{"line":178,"column":3}}],"line":164},"27":{"loc":{"start":{"line":165,"column":4},"end":{"line":177,"column":5}},"type":"if","locations":[{"start":{"line":165,"column":4},"end":{"line":177,"column":5}},{"start":{"line":165,"column":4},"end":{"line":177,"column":5}}],"line":165},"28":{"loc":{"start":{"line":181,"column":23},"end":{"line":181,"column":33}},"type":"default-arg","locations":[{"start":{"line":181,"column":31},"end":{"line":181,"column":33}}],"line":181},"29":{"loc":{"start":{"line":182,"column":9},"end":{"line":182,"column":61}},"type":"cond-expr","locations":[{"start":{"line":182,"column":33},"end":{"line":182,"column":53}},{"start":{"line":182,"column":56},"end":{"line":182,"column":61}}],"line":182}},"s":{"0":23,"1":30,"2":30,"3":30,"4":28,"5":31,"6":31,"7":31,"8":7,"9":24,"10":0,"11":0,"12":0,"13":320,"14":320,"15":320,"16":111,"17":209,"18":0,"19":0,"20":0,"21":235,"22":0,"23":235,"24":235,"25":79,"26":156,"27":154,"28":0,"29":20,"30":20,"31":20,"32":20,"33":9,"34":0,"35":9,"36":9,"37":9,"38":11,"39":11,"40":2,"41":9,"42":11,"43":11,"44":0,"45":5,"46":5,"47":5,"48":5,"49":5,"50":0,"51":0,"52":0,"53":5,"54":5,"55":5,"56":3,"57":3,"58":3,"59":3,"60":0,"61":0,"62":3,"63":3,"64":5,"65":5,"66":5,"67":5,"68":5,"69":0,"70":0,"71":0,"72":5,"73":5,"74":5,"75":112,"76":23,"77":23,"78":23,"79":23,"80":23,"81":23,"82":23,"83":23,"84":23,"85":23,"86":23,"87":23,"88":23,"89":23},"f":{"0":30,"1":30,"2":31,"3":320,"4":235,"5":20,"6":5,"7":3,"8":5,"9":112},"b":{"0":[0],"1":[28,2],"2":[31,0],"3":[31,18],"4":[7,24],"5":[0,0],"6":[320,0],"7":[320,39],"8":[320,0],"9":[111,209],"10":[0,0],"11":[0,235],"12":[235,35],"13":[235,0],"14":[79,156],"15":[235,81,81],"16":[154,2],"17":[156,156],"18":[9,11],"19":[0,9],"20":[11,0],"21":[2,9],"22":[5,0],"23":[0,5],"24":[3,0],"25":[0,3],"26":[5,0],"27":[0,5],"28":[0],"29":[112,0]},"_coverageSchema":"43e27e138ebf9cfc5966b082cf9a028302ed4184","hash":"6699f357a6d50ae4eaf6b60a81ca8ca567e0553c"}
,"C:\\Users\\desse\\Documents\\github\\projects\\vue-teddy-store\\src\\methods.js": {"path":"C:\\Users\\desse\\Documents\\github\\projects\\vue-teddy-store\\src\\methods.js","statementMap":{"0":{"start":{"line":11,"column":27},"end":{"line":11,"column":30}},"1":{"start":{"line":12,"column":27},"end":{"line":12,"column":30}},"2":{"start":{"line":14,"column":24},"end":{"line":50,"column":1}},"3":{"start":{"line":18,"column":2},"end":{"line":34,"column":3}},"4":{"start":{"line":19,"column":4},"end":{"line":19,"column":74}},"5":{"start":{"line":20,"column":4},"end":{"line":20,"column":71}},"6":{"start":{"line":21,"column":9},"end":{"line":34,"column":3}},"7":{"start":{"line":22,"column":4},"end":{"line":33,"column":5}},"8":{"start":{"line":23,"column":26},"end":{"line":23,"column":47}},"9":{"start":{"line":24,"column":6},"end":{"line":24,"column":20}},"10":{"start":{"line":25,"column":6},"end":{"line":25,"column":18}},"11":{"start":{"line":26,"column":11},"end":{"line":33,"column":5}},"12":{"start":{"line":27,"column":26},"end":{"line":27,"column":47}},"13":{"start":{"line":28,"column":6},"end":{"line":28,"column":20}},"14":{"start":{"line":29,"column":6},"end":{"line":29,"column":18}},"15":{"start":{"line":31,"column":6},"end":{"line":31,"column":33}},"16":{"start":{"line":32,"column":6},"end":{"line":32,"column":24}},"17":{"start":{"line":36,"column":2},"end":{"line":41,"column":3}},"18":{"start":{"line":37,"column":4},"end":{"line":37,"column":26}},"19":{"start":{"line":38,"column":4},"end":{"line":40,"column":5}},"20":{"start":{"line":39,"column":6},"end":{"line":39,"column":24}},"21":{"start":{"line":42,"column":2},"end":{"line":47,"column":3}},"22":{"start":{"line":43,"column":4},"end":{"line":43,"column":24}},"23":{"start":{"line":44,"column":4},"end":{"line":46,"column":5}},"24":{"start":{"line":45,"column":6},"end":{"line":45,"column":23}},"25":{"start":{"line":49,"column":2},"end":{"line":49,"column":39}},"26":{"start":{"line":52,"column":24},"end":{"line":61,"column":1}},"27":{"start":{"line":53,"column":22},"end":{"line":53,"column":49}},"28":{"start":{"line":54,"column":2},"end":{"line":54,"column":21}},"29":{"start":{"line":55,"column":17},"end":{"line":55,"column":38}},"30":{"start":{"line":56,"column":2},"end":{"line":56,"column":36}},"31":{"start":{"line":57,"column":2},"end":{"line":57,"column":40}},"32":{"start":{"line":58,"column":2},"end":{"line":58,"column":40}},"33":{"start":{"line":59,"column":2},"end":{"line":59,"column":42}},"34":{"start":{"line":60,"column":2},"end":{"line":60,"column":15}},"35":{"start":{"line":63,"column":25},"end":{"line":65,"column":1}},"36":{"start":{"line":64,"column":2},"end":{"line":64,"column":42}},"37":{"start":{"line":67,"column":26},"end":{"line":79,"column":1}},"38":{"start":{"line":68,"column":2},"end":{"line":68,"column":51}},"39":{"start":{"line":69,"column":2},"end":{"line":77,"column":3}},"40":{"start":{"line":70,"column":4},"end":{"line":76,"column":6}},"41":{"start":{"line":71,"column":17},"end":{"line":71,"column":41}},"42":{"start":{"line":73,"column":8},"end":{"line":73,"column":43}},"43":{"start":{"line":78,"column":2},"end":{"line":78,"column":20}},"44":{"start":{"line":81,"column":24},"end":{"line":84,"column":1}},"45":{"start":{"line":82,"column":16},"end":{"line":82,"column":36}},"46":{"start":{"line":83,"column":2},"end":{"line":83,"column":38}},"47":{"start":{"line":86,"column":27},"end":{"line":102,"column":1}},"48":{"start":{"line":87,"column":16},"end":{"line":87,"column":36}},"49":{"start":{"line":88,"column":2},"end":{"line":88,"column":25}},"50":{"start":{"line":89,"column":2},"end":{"line":101,"column":8}},"51":{"start":{"line":90,"column":4},"end":{"line":99,"column":5}},"52":{"start":{"line":91,"column":6},"end":{"line":91,"column":29}},"53":{"start":{"line":92,"column":11},"end":{"line":99,"column":5}},"54":{"start":{"line":93,"column":6},"end":{"line":98,"column":7}},"55":{"start":{"line":95,"column":8},"end":{"line":95,"column":76}},"56":{"start":{"line":95,"column":32},"end":{"line":95,"column":76}},"57":{"start":{"line":95,"column":47},"end":{"line":95,"column":75}},"58":{"start":{"line":97,"column":8},"end":{"line":97,"column":54}},"59":{"start":{"line":97,"column":34},"end":{"line":97,"column":53}},"60":{"start":{"line":100,"column":4},"end":{"line":100,"column":14}},"61":{"start":{"line":104,"column":26},"end":{"line":108,"column":1}},"62":{"start":{"line":105,"column":16},"end":{"line":105,"column":36}},"63":{"start":{"line":106,"column":2},"end":{"line":106,"column":83}},"64":{"start":{"line":107,"column":2},"end":{"line":107,"column":14}},"65":{"start":{"line":110,"column":27},"end":{"line":119,"column":1}},"66":{"start":{"line":111,"column":16},"end":{"line":111,"column":36}},"67":{"start":{"line":112,"column":2},"end":{"line":112,"column":25}},"68":{"start":{"line":113,"column":2},"end":{"line":118,"column":8}},"69":{"start":{"line":114,"column":4},"end":{"line":116,"column":5}},"70":{"start":{"line":115,"column":6},"end":{"line":115,"column":58}},"71":{"start":{"line":115,"column":30},"end":{"line":115,"column":58}},"72":{"start":{"line":117,"column":4},"end":{"line":117,"column":14}},"73":{"start":{"line":121,"column":26},"end":{"line":125,"column":1}},"74":{"start":{"line":122,"column":16},"end":{"line":122,"column":36}},"75":{"start":{"line":123,"column":2},"end":{"line":123,"column":83}},"76":{"start":{"line":124,"column":2},"end":{"line":124,"column":14}},"77":{"start":{"line":127,"column":28},"end":{"line":195,"column":1}},"78":{"start":{"line":128,"column":19},"end":{"line":128,"column":46}},"79":{"start":{"line":129,"column":16},"end":{"line":129,"column":36}},"80":{"start":{"line":131,"column":20},"end":{"line":131,"column":22}},"81":{"start":{"line":132,"column":2},"end":{"line":136,"column":3}},"82":{"start":{"line":133,"column":4},"end":{"line":133,"column":31}},"83":{"start":{"line":134,"column":9},"end":{"line":136,"column":3}},"84":{"start":{"line":135,"column":4},"end":{"line":135,"column":28}},"85":{"start":{"line":139,"column":2},"end":{"line":139,"column":39}},"86":{"start":{"line":139,"column":30},"end":{"line":139,"column":39}},"87":{"start":{"line":141,"column":2},"end":{"line":194,"column":8}},"88":{"start":{"line":143,"column":20},"end":{"line":152,"column":5}},"89":{"start":{"line":144,"column":22},"end":{"line":146,"column":7}},"90":{"start":{"line":145,"column":8},"end":{"line":145,"column":68}},"91":{"start":{"line":147,"column":6},"end":{"line":151,"column":7}},"92":{"start":{"line":148,"column":8},"end":{"line":148,"column":56}},"93":{"start":{"line":150,"column":8},"end":{"line":150,"column":22}},"94":{"start":{"line":154,"column":24},"end":{"line":154,"column":80}},"95":{"start":{"line":154,"column":48},"end":{"line":154,"column":80}},"96":{"start":{"line":155,"column":21},"end":{"line":165,"column":5}},"97":{"start":{"line":156,"column":6},"end":{"line":164,"column":8}},"98":{"start":{"line":161,"column":10},"end":{"line":161,"column":104}},"99":{"start":{"line":162,"column":10},"end":{"line":162,"column":21}},"100":{"start":{"line":168,"column":4},"end":{"line":192,"column":5}},"101":{"start":{"line":169,"column":6},"end":{"line":169,"column":67}},"102":{"start":{"line":169,"column":30},"end":{"line":169,"column":41}},"103":{"start":{"line":172,"column":9},"end":{"line":192,"column":5}},"104":{"start":{"line":173,"column":56},"end":{"line":173,"column":63}},"105":{"start":{"line":176,"column":6},"end":{"line":191,"column":7}},"106":{"start":{"line":177,"column":8},"end":{"line":177,"column":98}},"107":{"start":{"line":177,"column":29},"end":{"line":177,"column":60}},"108":{"start":{"line":180,"column":11},"end":{"line":191,"column":7}},"109":{"start":{"line":181,"column":8},"end":{"line":186,"column":9}},"110":{"start":{"line":182,"column":27},"end":{"line":182,"column":55}},"111":{"start":{"line":183,"column":27},"end":{"line":183,"column":61}},"112":{"start":{"line":183,"column":33},"end":{"line":183,"column":61}},"113":{"start":{"line":190,"column":8},"end":{"line":190,"column":81}},"114":{"start":{"line":190,"column":32},"end":{"line":190,"column":43}},"115":{"start":{"line":193,"column":4},"end":{"line":193,"column":15}},"116":{"start":{"line":197,"column":27},"end":{"line":211,"column":1}},"117":{"start":{"line":198,"column":16},"end":{"line":198,"column":36}},"118":{"start":{"line":199,"column":2},"end":{"line":209,"column":3}},"119":{"start":{"line":200,"column":19},"end":{"line":204,"column":6}},"120":{"start":{"line":201,"column":23},"end":{"line":201,"column":53}},"121":{"start":{"line":202,"column":26},"end":{"line":202,"column":66}},"122":{"start":{"line":203,"column":6},"end":{"line":203,"column":36}},"123":{"start":{"line":205,"column":4},"end":{"line":207,"column":5}},"124":{"start":{"line":206,"column":6},"end":{"line":206,"column":22}},"125":{"start":{"line":208,"column":4},"end":{"line":208,"column":40}},"126":{"start":{"line":210,"column":2},"end":{"line":210,"column":14}},"127":{"start":{"line":213,"column":22},"end":{"line":220,"column":1}},"128":{"start":{"line":214,"column":26},"end":{"line":214,"column":53}},"129":{"start":{"line":215,"column":2},"end":{"line":219,"column":3}},"130":{"start":{"line":216,"column":4},"end":{"line":216,"column":111}},"131":{"start":{"line":218,"column":4},"end":{"line":218,"column":34}},"132":{"start":{"line":229,"column":21},"end":{"line":235,"column":1}},"133":{"start":{"line":237,"column":19},"end":{"line":249,"column":1}},"134":{"start":{"line":238,"column":20},"end":{"line":238,"column":40}},"135":{"start":{"line":239,"column":2},"end":{"line":248,"column":3}},"136":{"start":{"line":240,"column":4},"end":{"line":245,"column":5}},"137":{"start":{"line":241,"column":6},"end":{"line":241,"column":47}},"138":{"start":{"line":243,"column":6},"end":{"line":243,"column":75}},"139":{"start":{"line":244,"column":6},"end":{"line":244,"column":26}},"140":{"start":{"line":247,"column":4},"end":{"line":247,"column":68}},"141":{"start":{"line":251,"column":23},"end":{"line":268,"column":1}},"142":{"start":{"line":252,"column":20},"end":{"line":252,"column":40}},"143":{"start":{"line":253,"column":2},"end":{"line":267,"column":3}},"144":{"start":{"line":254,"column":4},"end":{"line":264,"column":5}},"145":{"start":{"line":256,"column":6},"end":{"line":260,"column":7}},"146":{"start":{"line":257,"column":8},"end":{"line":257,"column":49}},"147":{"start":{"line":259,"column":8},"end":{"line":259,"column":40}},"148":{"start":{"line":262,"column":6},"end":{"line":262,"column":75}},"149":{"start":{"line":263,"column":6},"end":{"line":263,"column":26}},"150":{"start":{"line":266,"column":4},"end":{"line":266,"column":72}},"151":{"start":{"line":270,"column":22},"end":{"line":274,"column":1}},"152":{"start":{"line":271,"column":26},"end":{"line":271,"column":53}},"153":{"start":{"line":272,"column":16},"end":{"line":272,"column":41}},"154":{"start":{"line":273,"column":2},"end":{"line":273,"column":52}},"155":{"start":{"line":276,"column":19},"end":{"line":279,"column":1}},"156":{"start":{"line":277,"column":16},"end":{"line":277,"column":36}},"157":{"start":{"line":278,"column":2},"end":{"line":278,"column":49}},"158":{"start":{"line":281,"column":19},"end":{"line":285,"column":1}},"159":{"start":{"line":282,"column":26},"end":{"line":282,"column":53}},"160":{"start":{"line":283,"column":16},"end":{"line":283,"column":41}},"161":{"start":{"line":284,"column":2},"end":{"line":284,"column":60}},"162":{"start":{"line":287,"column":22},"end":{"line":291,"column":1}},"163":{"start":{"line":288,"column":2},"end":{"line":290,"column":3}},"164":{"start":{"line":289,"column":4},"end":{"line":289,"column":58}},"165":{"start":{"line":293,"column":19},"end":{"line":299,"column":1}},"166":{"start":{"line":297,"column":16},"end":{"line":297,"column":36}},"167":{"start":{"line":298,"column":2},"end":{"line":298,"column":49}},"168":{"start":{"line":301,"column":22},"end":{"line":305,"column":1}},"169":{"start":{"line":302,"column":2},"end":{"line":304,"column":3}},"170":{"start":{"line":303,"column":4},"end":{"line":303,"column":49}},"171":{"start":{"line":307,"column":20},"end":{"line":310,"column":1}},"172":{"start":{"line":308,"column":16},"end":{"line":308,"column":36}},"173":{"start":{"line":309,"column":2},"end":{"line":309,"column":50}},"174":{"start":{"line":312,"column":22},"end":{"line":315,"column":1}},"175":{"start":{"line":313,"column":16},"end":{"line":313,"column":36}},"176":{"start":{"line":314,"column":2},"end":{"line":314,"column":52}},"177":{"start":{"line":317,"column":23},"end":{"line":320,"column":1}},"178":{"start":{"line":318,"column":16},"end":{"line":318,"column":36}},"179":{"start":{"line":319,"column":2},"end":{"line":319,"column":53}},"180":{"start":{"line":322,"column":20},"end":{"line":350,"column":1}},"181":{"start":{"line":323,"column":16},"end":{"line":328,"column":3}},"182":{"start":{"line":324,"column":4},"end":{"line":327,"column":5}},"183":{"start":{"line":332,"column":2},"end":{"line":349,"column":3}},"184":{"start":{"line":333,"column":4},"end":{"line":336,"column":10}},"185":{"start":{"line":334,"column":6},"end":{"line":334,"column":38}},"186":{"start":{"line":335,"column":6},"end":{"line":335,"column":16}},"187":{"start":{"line":340,"column":7},"end":{"line":349,"column":3}},"188":{"start":{"line":341,"column":4},"end":{"line":344,"column":10}},"189":{"start":{"line":342,"column":6},"end":{"line":342,"column":42}},"190":{"start":{"line":343,"column":6},"end":{"line":343,"column":16}},"191":{"start":{"line":348,"column":4},"end":{"line":348,"column":31}},"192":{"start":{"line":352,"column":26},"end":{"line":366,"column":1}},"193":{"start":{"line":353,"column":2},"end":{"line":355,"column":3}},"194":{"start":{"line":354,"column":4},"end":{"line":354,"column":26}},"195":{"start":{"line":356,"column":2},"end":{"line":365,"column":3}},"196":{"start":{"line":357,"column":4},"end":{"line":359,"column":5}},"197":{"start":{"line":358,"column":6},"end":{"line":358,"column":26}},"198":{"start":{"line":360,"column":4},"end":{"line":364,"column":5}},"199":{"start":{"line":361,"column":6},"end":{"line":363,"column":7}},"200":{"start":{"line":362,"column":8},"end":{"line":362,"column":34}},"201":{"start":{"line":368,"column":26},"end":{"line":395,"column":1}},"202":{"start":{"line":368,"column":44},"end":{"line":368,"column":46}},"203":{"start":{"line":369,"column":2},"end":{"line":394,"column":3}},"204":{"start":{"line":397,"column":24},"end":{"line":400,"column":1}},"205":{"start":{"line":398,"column":2},"end":{"line":398,"column":60}},"206":{"start":{"line":398,"column":34},"end":{"line":398,"column":60}},"207":{"start":{"line":399,"column":2},"end":{"line":399,"column":30}},"208":{"start":{"line":402,"column":24},"end":{"line":406,"column":1}},"209":{"start":{"line":403,"column":16},"end":{"line":403,"column":31}},"210":{"start":{"line":404,"column":16},"end":{"line":404,"column":89}},"211":{"start":{"line":404,"column":24},"end":{"line":404,"column":89}},"212":{"start":{"line":404,"column":39},"end":{"line":404,"column":89}},"213":{"start":{"line":405,"column":2},"end":{"line":405,"column":40}},"214":{"start":{"line":414,"column":24},"end":{"line":433,"column":1}},"215":{"start":{"line":415,"column":68},"end":{"line":415,"column":95}},"216":{"start":{"line":416,"column":2},"end":{"line":416,"column":17}},"217":{"start":{"line":418,"column":2},"end":{"line":420,"column":3}},"218":{"start":{"line":419,"column":4},"end":{"line":419,"column":37}},"219":{"start":{"line":422,"column":2},"end":{"line":431,"column":3}},"220":{"start":{"line":423,"column":4},"end":{"line":429,"column":5}},"221":{"start":{"line":430,"column":4},"end":{"line":430,"column":71}},"222":{"start":{"line":432,"column":2},"end":{"line":432,"column":43}},"223":{"start":{"line":435,"column":24},"end":{"line":439,"column":1}},"224":{"start":{"line":436,"column":16},"end":{"line":436,"column":36}},"225":{"start":{"line":437,"column":16},"end":{"line":437,"column":64}},"226":{"start":{"line":437,"column":24},"end":{"line":437,"column":64}},"227":{"start":{"line":437,"column":39},"end":{"line":437,"column":64}},"228":{"start":{"line":438,"column":2},"end":{"line":438,"column":40}},"229":{"start":{"line":445,"column":33},"end":{"line":447,"column":1}},"230":{"start":{"line":446,"column":2},"end":{"line":446,"column":65}},"231":{"start":{"line":449,"column":27},"end":{"line":451,"column":1}},"232":{"start":{"line":450,"column":2},"end":{"line":450,"column":37}},"233":{"start":{"line":453,"column":32},"end":{"line":455,"column":1}},"234":{"start":{"line":454,"column":2},"end":{"line":454,"column":42}},"235":{"start":{"line":457,"column":24},"end":{"line":472,"column":1}},"236":{"start":{"line":458,"column":2},"end":{"line":471,"column":3}},"237":{"start":{"line":459,"column":22},"end":{"line":459,"column":81}},"238":{"start":{"line":460,"column":22},"end":{"line":460,"column":81}},"239":{"start":{"line":461,"column":4},"end":{"line":468,"column":5}},"240":{"start":{"line":462,"column":6},"end":{"line":462,"column":55}},"241":{"start":{"line":464,"column":6},"end":{"line":467,"column":12}},"242":{"start":{"line":465,"column":8},"end":{"line":465,"column":66}},"243":{"start":{"line":466,"column":8},"end":{"line":466,"column":18}},"244":{"start":{"line":470,"column":4},"end":{"line":470,"column":53}}},"fnMap":{"0":{"name":"(anonymous_0)","decl":{"start":{"line":14,"column":24},"end":{"line":14,"column":25}},"loc":{"start":{"line":14,"column":40},"end":{"line":50,"column":1}},"line":14},"1":{"name":"(anonymous_1)","decl":{"start":{"line":52,"column":24},"end":{"line":52,"column":25}},"loc":{"start":{"line":52,"column":47},"end":{"line":61,"column":1}},"line":52},"2":{"name":"(anonymous_2)","decl":{"start":{"line":63,"column":25},"end":{"line":63,"column":26}},"loc":{"start":{"line":63,"column":39},"end":{"line":65,"column":1}},"line":63},"3":{"name":"(anonymous_3)","decl":{"start":{"line":67,"column":26},"end":{"line":67,"column":27}},"loc":{"start":{"line":67,"column":67},"end":{"line":79,"column":1}},"line":67},"4":{"name":"(anonymous_4)","decl":{"start":{"line":71,"column":11},"end":{"line":71,"column":12}},"loc":{"start":{"line":71,"column":17},"end":{"line":71,"column":41}},"line":71},"5":{"name":"(anonymous_5)","decl":{"start":{"line":72,"column":11},"end":{"line":72,"column":12}},"loc":{"start":{"line":72,"column":25},"end":{"line":74,"column":7}},"line":72},"6":{"name":"(anonymous_6)","decl":{"start":{"line":81,"column":24},"end":{"line":81,"column":25}},"loc":{"start":{"line":81,"column":47},"end":{"line":84,"column":1}},"line":81},"7":{"name":"(anonymous_7)","decl":{"start":{"line":86,"column":27},"end":{"line":86,"column":28}},"loc":{"start":{"line":86,"column":52},"end":{"line":102,"column":1}},"line":86},"8":{"name":"(anonymous_8)","decl":{"start":{"line":89,"column":37},"end":{"line":89,"column":38}},"loc":{"start":{"line":89,"column":51},"end":{"line":101,"column":3}},"line":89},"9":{"name":"(anonymous_9)","decl":{"start":{"line":95,"column":19},"end":{"line":95,"column":20}},"loc":{"start":{"line":95,"column":32},"end":{"line":95,"column":76}},"line":95},"10":{"name":"(anonymous_10)","decl":{"start":{"line":95,"column":41},"end":{"line":95,"column":42}},"loc":{"start":{"line":95,"column":47},"end":{"line":95,"column":75}},"line":95},"11":{"name":"(anonymous_11)","decl":{"start":{"line":97,"column":28},"end":{"line":97,"column":29}},"loc":{"start":{"line":97,"column":34},"end":{"line":97,"column":53}},"line":97},"12":{"name":"(anonymous_12)","decl":{"start":{"line":104,"column":26},"end":{"line":104,"column":27}},"loc":{"start":{"line":104,"column":51},"end":{"line":108,"column":1}},"line":104},"13":{"name":"(anonymous_13)","decl":{"start":{"line":110,"column":27},"end":{"line":110,"column":28}},"loc":{"start":{"line":110,"column":52},"end":{"line":119,"column":1}},"line":110},"14":{"name":"(anonymous_14)","decl":{"start":{"line":113,"column":37},"end":{"line":113,"column":38}},"loc":{"start":{"line":113,"column":51},"end":{"line":118,"column":3}},"line":113},"15":{"name":"(anonymous_15)","decl":{"start":{"line":115,"column":17},"end":{"line":115,"column":18}},"loc":{"start":{"line":115,"column":30},"end":{"line":115,"column":58}},"line":115},"16":{"name":"(anonymous_16)","decl":{"start":{"line":121,"column":26},"end":{"line":121,"column":27}},"loc":{"start":{"line":121,"column":51},"end":{"line":125,"column":1}},"line":121},"17":{"name":"(anonymous_17)","decl":{"start":{"line":127,"column":28},"end":{"line":127,"column":29}},"loc":{"start":{"line":127,"column":54},"end":{"line":195,"column":1}},"line":127},"18":{"name":"(anonymous_18)","decl":{"start":{"line":141,"column":26},"end":{"line":141,"column":27}},"loc":{"start":{"line":141,"column":45},"end":{"line":194,"column":3}},"line":141},"19":{"name":"(anonymous_19)","decl":{"start":{"line":143,"column":20},"end":{"line":143,"column":21}},"loc":{"start":{"line":143,"column":53},"end":{"line":152,"column":5}},"line":143},"20":{"name":"(anonymous_20)","decl":{"start":{"line":144,"column":22},"end":{"line":144,"column":23}},"loc":{"start":{"line":144,"column":51},"end":{"line":146,"column":7}},"line":144},"21":{"name":"(anonymous_21)","decl":{"start":{"line":154,"column":24},"end":{"line":154,"column":25}},"loc":{"start":{"line":154,"column":48},"end":{"line":154,"column":80}},"line":154},"22":{"name":"(anonymous_22)","decl":{"start":{"line":155,"column":21},"end":{"line":155,"column":22}},"loc":{"start":{"line":155,"column":64},"end":{"line":165,"column":5}},"line":155},"23":{"name":"(anonymous_23)","decl":{"start":{"line":160,"column":8},"end":{"line":160,"column":9}},"loc":{"start":{"line":160,"column":16},"end":{"line":163,"column":9}},"line":160},"24":{"name":"(anonymous_24)","decl":{"start":{"line":169,"column":24},"end":{"line":169,"column":25}},"loc":{"start":{"line":169,"column":30},"end":{"line":169,"column":41}},"line":169},"25":{"name":"(anonymous_25)","decl":{"start":{"line":177,"column":23},"end":{"line":177,"column":24}},"loc":{"start":{"line":177,"column":29},"end":{"line":177,"column":60}},"line":177},"26":{"name":"(anonymous_26)","decl":{"start":{"line":182,"column":20},"end":{"line":182,"column":21}},"loc":{"start":{"line":182,"column":27},"end":{"line":182,"column":55}},"line":182},"27":{"name":"(anonymous_27)","decl":{"start":{"line":183,"column":20},"end":{"line":183,"column":21}},"loc":{"start":{"line":183,"column":27},"end":{"line":183,"column":61}},"line":183},"28":{"name":"(anonymous_28)","decl":{"start":{"line":183,"column":27},"end":{"line":183,"column":28}},"loc":{"start":{"line":183,"column":33},"end":{"line":183,"column":61}},"line":183},"29":{"name":"(anonymous_29)","decl":{"start":{"line":190,"column":26},"end":{"line":190,"column":27}},"loc":{"start":{"line":190,"column":32},"end":{"line":190,"column":43}},"line":190},"30":{"name":"(anonymous_30)","decl":{"start":{"line":197,"column":27},"end":{"line":197,"column":28}},"loc":{"start":{"line":197,"column":53},"end":{"line":211,"column":1}},"line":197},"31":{"name":"(anonymous_31)","decl":{"start":{"line":200,"column":39},"end":{"line":200,"column":40}},"loc":{"start":{"line":200,"column":53},"end":{"line":204,"column":5}},"line":200},"32":{"name":"(anonymous_32)","decl":{"start":{"line":213,"column":22},"end":{"line":213,"column":23}},"loc":{"start":{"line":213,"column":38},"end":{"line":220,"column":1}},"line":213},"33":{"name":"(anonymous_33)","decl":{"start":{"line":229,"column":21},"end":{"line":229,"column":22}},"loc":{"start":{"line":229,"column":37},"end":{"line":235,"column":1}},"line":229},"34":{"name":"(anonymous_34)","decl":{"start":{"line":237,"column":19},"end":{"line":237,"column":20}},"loc":{"start":{"line":237,"column":56},"end":{"line":249,"column":1}},"line":237},"35":{"name":"(anonymous_35)","decl":{"start":{"line":251,"column":23},"end":{"line":251,"column":24}},"loc":{"start":{"line":251,"column":60},"end":{"line":268,"column":1}},"line":251},"36":{"name":"(anonymous_36)","decl":{"start":{"line":270,"column":22},"end":{"line":270,"column":23}},"loc":{"start":{"line":270,"column":53},"end":{"line":274,"column":1}},"line":270},"37":{"name":"(anonymous_37)","decl":{"start":{"line":276,"column":19},"end":{"line":276,"column":20}},"loc":{"start":{"line":276,"column":50},"end":{"line":279,"column":1}},"line":276},"38":{"name":"(anonymous_38)","decl":{"start":{"line":281,"column":19},"end":{"line":281,"column":20}},"loc":{"start":{"line":281,"column":59},"end":{"line":285,"column":1}},"line":281},"39":{"name":"(anonymous_39)","decl":{"start":{"line":287,"column":22},"end":{"line":287,"column":23}},"loc":{"start":{"line":287,"column":62},"end":{"line":291,"column":1}},"line":287},"40":{"name":"(anonymous_40)","decl":{"start":{"line":288,"column":9},"end":{"line":288,"column":10}},"loc":{"start":{"line":288,"column":20},"end":{"line":290,"column":3}},"line":288},"41":{"name":"(anonymous_41)","decl":{"start":{"line":293,"column":19},"end":{"line":293,"column":20}},"loc":{"start":{"line":293,"column":57},"end":{"line":299,"column":1}},"line":293},"42":{"name":"(anonymous_42)","decl":{"start":{"line":301,"column":22},"end":{"line":301,"column":23}},"loc":{"start":{"line":301,"column":53},"end":{"line":305,"column":1}},"line":301},"43":{"name":"(anonymous_43)","decl":{"start":{"line":302,"column":9},"end":{"line":302,"column":10}},"loc":{"start":{"line":302,"column":25},"end":{"line":304,"column":3}},"line":302},"44":{"name":"(anonymous_44)","decl":{"start":{"line":307,"column":20},"end":{"line":307,"column":21}},"loc":{"start":{"line":307,"column":58},"end":{"line":310,"column":1}},"line":307},"45":{"name":"(anonymous_45)","decl":{"start":{"line":312,"column":22},"end":{"line":312,"column":23}},"loc":{"start":{"line":312,"column":60},"end":{"line":315,"column":1}},"line":312},"46":{"name":"(anonymous_46)","decl":{"start":{"line":317,"column":23},"end":{"line":317,"column":24}},"loc":{"start":{"line":317,"column":61},"end":{"line":320,"column":1}},"line":317},"47":{"name":"(anonymous_47)","decl":{"start":{"line":322,"column":20},"end":{"line":322,"column":21}},"loc":{"start":{"line":322,"column":51},"end":{"line":350,"column":1}},"line":322},"48":{"name":"(anonymous_48)","decl":{"start":{"line":323,"column":16},"end":{"line":323,"column":17}},"loc":{"start":{"line":323,"column":35},"end":{"line":328,"column":3}},"line":323},"49":{"name":"(anonymous_49)","decl":{"start":{"line":333,"column":23},"end":{"line":333,"column":24}},"loc":{"start":{"line":333,"column":38},"end":{"line":336,"column":5}},"line":333},"50":{"name":"(anonymous_50)","decl":{"start":{"line":341,"column":36},"end":{"line":341,"column":37}},"loc":{"start":{"line":341,"column":50},"end":{"line":344,"column":5}},"line":341},"51":{"name":"(anonymous_51)","decl":{"start":{"line":352,"column":26},"end":{"line":352,"column":27}},"loc":{"start":{"line":352,"column":44},"end":{"line":366,"column":1}},"line":352},"52":{"name":"(anonymous_52)","decl":{"start":{"line":368,"column":26},"end":{"line":368,"column":27}},"loc":{"start":{"line":368,"column":51},"end":{"line":395,"column":1}},"line":368},"53":{"name":"(anonymous_53)","decl":{"start":{"line":368,"column":36},"end":{"line":368,"column":37}},"loc":{"start":{"line":368,"column":44},"end":{"line":368,"column":46}},"line":368},"54":{"name":"(anonymous_54)","decl":{"start":{"line":397,"column":24},"end":{"line":397,"column":25}},"loc":{"start":{"line":397,"column":56},"end":{"line":400,"column":1}},"line":397},"55":{"name":"(anonymous_55)","decl":{"start":{"line":402,"column":24},"end":{"line":402,"column":25}},"loc":{"start":{"line":402,"column":56},"end":{"line":406,"column":1}},"line":402},"56":{"name":"(anonymous_56)","decl":{"start":{"line":404,"column":16},"end":{"line":404,"column":17}},"loc":{"start":{"line":404,"column":24},"end":{"line":404,"column":89}},"line":404},"57":{"name":"(anonymous_57)","decl":{"start":{"line":404,"column":24},"end":{"line":404,"column":25}},"loc":{"start":{"line":404,"column":39},"end":{"line":404,"column":89}},"line":404},"58":{"name":"(anonymous_58)","decl":{"start":{"line":414,"column":24},"end":{"line":414,"column":25}},"loc":{"start":{"line":414,"column":40},"end":{"line":433,"column":1}},"line":414},"59":{"name":"(anonymous_59)","decl":{"start":{"line":435,"column":24},"end":{"line":435,"column":25}},"loc":{"start":{"line":435,"column":40},"end":{"line":439,"column":1}},"line":435},"60":{"name":"(anonymous_60)","decl":{"start":{"line":437,"column":16},"end":{"line":437,"column":17}},"loc":{"start":{"line":437,"column":24},"end":{"line":437,"column":64}},"line":437},"61":{"name":"(anonymous_61)","decl":{"start":{"line":437,"column":24},"end":{"line":437,"column":25}},"loc":{"start":{"line":437,"column":39},"end":{"line":437,"column":64}},"line":437},"62":{"name":"(anonymous_62)","decl":{"start":{"line":445,"column":33},"end":{"line":445,"column":34}},"loc":{"start":{"line":445,"column":49},"end":{"line":447,"column":1}},"line":445},"63":{"name":"(anonymous_63)","decl":{"start":{"line":449,"column":27},"end":{"line":449,"column":28}},"loc":{"start":{"line":449,"column":33},"end":{"line":451,"column":1}},"line":449},"64":{"name":"(anonymous_64)","decl":{"start":{"line":453,"column":32},"end":{"line":453,"column":33}},"loc":{"start":{"line":453,"column":38},"end":{"line":455,"column":1}},"line":453},"65":{"name":"(anonymous_65)","decl":{"start":{"line":457,"column":24},"end":{"line":457,"column":25}},"loc":{"start":{"line":457,"column":40},"end":{"line":472,"column":1}},"line":457},"66":{"name":"(anonymous_66)","decl":{"start":{"line":464,"column":44},"end":{"line":464,"column":45}},"loc":{"start":{"line":464,"column":58},"end":{"line":467,"column":7}},"line":464}},"branchMap":{"0":{"loc":{"start":{"line":18,"column":2},"end":{"line":34,"column":3}},"type":"if","locations":[{"start":{"line":18,"column":2},"end":{"line":34,"column":3}},{"start":{"line":18,"column":2},"end":{"line":34,"column":3}}],"line":18},"1":{"loc":{"start":{"line":19,"column":13},"end":{"line":19,"column":74}},"type":"cond-expr","locations":[{"start":{"line":19,"column":37},"end":{"line":19,"column":53}},{"start":{"line":19,"column":56},"end":{"line":19,"column":74}}],"line":19},"2":{"loc":{"start":{"line":20,"column":12},"end":{"line":20,"column":71}},"type":"cond-expr","locations":[{"start":{"line":20,"column":35},"end":{"line":20,"column":50}},{"start":{"line":20,"column":53},"end":{"line":20,"column":71}}],"line":20},"3":{"loc":{"start":{"line":21,"column":9},"end":{"line":34,"column":3}},"type":"if","locations":[{"start":{"line":21,"column":9},"end":{"line":34,"column":3}},{"start":{"line":21,"column":9},"end":{"line":34,"column":3}}],"line":21},"4":{"loc":{"start":{"line":22,"column":4},"end":{"line":33,"column":5}},"type":"if","locations":[{"start":{"line":22,"column":4},"end":{"line":33,"column":5}},{"start":{"line":22,"column":4},"end":{"line":33,"column":5}}],"line":22},"5":{"loc":{"start":{"line":26,"column":11},"end":{"line":33,"column":5}},"type":"if","locations":[{"start":{"line":26,"column":11},"end":{"line":33,"column":5}},{"start":{"line":26,"column":11},"end":{"line":33,"column":5}}],"line":26},"6":{"loc":{"start":{"line":36,"column":2},"end":{"line":41,"column":3}},"type":"if","locations":[{"start":{"line":36,"column":2},"end":{"line":41,"column":3}},{"start":{"line":36,"column":2},"end":{"line":41,"column":3}}],"line":36},"7":{"loc":{"start":{"line":38,"column":4},"end":{"line":40,"column":5}},"type":"if","locations":[{"start":{"line":38,"column":4},"end":{"line":40,"column":5}},{"start":{"line":38,"column":4},"end":{"line":40,"column":5}}],"line":38},"8":{"loc":{"start":{"line":42,"column":2},"end":{"line":47,"column":3}},"type":"if","locations":[{"start":{"line":42,"column":2},"end":{"line":47,"column":3}},{"start":{"line":42,"column":2},"end":{"line":47,"column":3}}],"line":42},"9":{"loc":{"start":{"line":44,"column":4},"end":{"line":46,"column":5}},"type":"if","locations":[{"start":{"line":44,"column":4},"end":{"line":46,"column":5}},{"start":{"line":44,"column":4},"end":{"line":46,"column":5}}],"line":44},"10":{"loc":{"start":{"line":54,"column":10},"end":{"line":54,"column":21}},"type":"binary-expr","locations":[{"start":{"line":54,"column":10},"end":{"line":54,"column":15}},{"start":{"line":54,"column":19},"end":{"line":54,"column":21}}],"line":54},"11":{"loc":{"start":{"line":64,"column":9},"end":{"line":64,"column":42}},"type":"cond-expr","locations":[{"start":{"line":64,"column":24},"end":{"line":64,"column":29}},{"start":{"line":64,"column":32},"end":{"line":64,"column":42}}],"line":64},"12":{"loc":{"start":{"line":67,"column":46},"end":{"line":67,"column":62}},"type":"default-arg","locations":[{"start":{"line":67,"column":60},"end":{"line":67,"column":62}}],"line":67},"13":{"loc":{"start":{"line":69,"column":2},"end":{"line":77,"column":3}},"type":"if","locations":[{"start":{"line":69,"column":2},"end":{"line":77,"column":3}},{"start":{"line":69,"column":2},"end":{"line":77,"column":3}}],"line":69},"14":{"loc":{"start":{"line":88,"column":12},"end":{"line":88,"column":25}},"type":"binary-expr","locations":[{"start":{"line":88,"column":12},"end":{"line":88,"column":19}},{"start":{"line":88,"column":23},"end":{"line":88,"column":25}}],"line":88},"15":{"loc":{"start":{"line":90,"column":4},"end":{"line":99,"column":5}},"type":"if","locations":[{"start":{"line":90,"column":4},"end":{"line":99,"column":5}},{"start":{"line":90,"column":4},"end":{"line":99,"column":5}}],"line":90},"16":{"loc":{"start":{"line":92,"column":11},"end":{"line":99,"column":5}},"type":"if","locations":[{"start":{"line":92,"column":11},"end":{"line":99,"column":5}},{"start":{"line":92,"column":11},"end":{"line":99,"column":5}}],"line":92},"17":{"loc":{"start":{"line":93,"column":6},"end":{"line":98,"column":7}},"type":"if","locations":[{"start":{"line":93,"column":6},"end":{"line":98,"column":7}},{"start":{"line":93,"column":6},"end":{"line":98,"column":7}}],"line":93},"18":{"loc":{"start":{"line":106,"column":24},"end":{"line":106,"column":43}},"type":"binary-expr","locations":[{"start":{"line":106,"column":24},"end":{"line":106,"column":37}},{"start":{"line":106,"column":41},"end":{"line":106,"column":43}}],"line":106},"19":{"loc":{"start":{"line":112,"column":12},"end":{"line":112,"column":25}},"type":"binary-expr","locations":[{"start":{"line":112,"column":12},"end":{"line":112,"column":19}},{"start":{"line":112,"column":23},"end":{"line":112,"column":25}}],"line":112},"20":{"loc":{"start":{"line":114,"column":4},"end":{"line":116,"column":5}},"type":"if","locations":[{"start":{"line":114,"column":4},"end":{"line":116,"column":5}},{"start":{"line":114,"column":4},"end":{"line":116,"column":5}}],"line":114},"21":{"loc":{"start":{"line":123,"column":24},"end":{"line":123,"column":43}},"type":"binary-expr","locations":[{"start":{"line":123,"column":24},"end":{"line":123,"column":37}},{"start":{"line":123,"column":41},"end":{"line":123,"column":43}}],"line":123},"22":{"loc":{"start":{"line":132,"column":2},"end":{"line":136,"column":3}},"type":"if","locations":[{"start":{"line":132,"column":2},"end":{"line":136,"column":3}},{"start":{"line":132,"column":2},"end":{"line":136,"column":3}}],"line":132},"23":{"loc":{"start":{"line":134,"column":9},"end":{"line":136,"column":3}},"type":"if","locations":[{"start":{"line":134,"column":9},"end":{"line":136,"column":3}},{"start":{"line":134,"column":9},"end":{"line":136,"column":3}}],"line":134},"24":{"loc":{"start":{"line":139,"column":2},"end":{"line":139,"column":39}},"type":"if","locations":[{"start":{"line":139,"column":2},"end":{"line":139,"column":39}},{"start":{"line":139,"column":2},"end":{"line":139,"column":39}}],"line":139},"25":{"loc":{"start":{"line":143,"column":25},"end":{"line":143,"column":48}},"type":"default-arg","locations":[{"start":{"line":143,"column":44},"end":{"line":143,"column":48}}],"line":143},"26":{"loc":{"start":{"line":147,"column":6},"end":{"line":151,"column":7}},"type":"if","locations":[{"start":{"line":147,"column":6},"end":{"line":151,"column":7}},{"start":{"line":147,"column":6},"end":{"line":151,"column":7}}],"line":147},"27":{"loc":{"start":{"line":154,"column":25},"end":{"line":154,"column":34}},"type":"default-arg","locations":[{"start":{"line":154,"column":32},"end":{"line":154,"column":34}}],"line":154},"28":{"loc":{"start":{"line":155,"column":47},"end":{"line":155,"column":59}},"type":"default-arg","locations":[{"start":{"line":155,"column":57},"end":{"line":155,"column":59}}],"line":155},"29":{"loc":{"start":{"line":168,"column":4},"end":{"line":192,"column":5}},"type":"if","locations":[{"start":{"line":168,"column":4},"end":{"line":192,"column":5}},{"start":{"line":168,"column":4},"end":{"line":192,"column":5}}],"line":168},"30":{"loc":{"start":{"line":172,"column":9},"end":{"line":192,"column":5}},"type":"if","locations":[{"start":{"line":172,"column":9},"end":{"line":192,"column":5}},{"start":{"line":172,"column":9},"end":{"line":192,"column":5}}],"line":172},"31":{"loc":{"start":{"line":172,"column":13},"end":{"line":172,"column":75}},"type":"binary-expr","locations":[{"start":{"line":172,"column":13},"end":{"line":172,"column":20}},{"start":{"line":172,"column":24},"end":{"line":172,"column":51}},{"start":{"line":172,"column":55},"end":{"line":172,"column":75}}],"line":172},"32":{"loc":{"start":{"line":173,"column":29},"end":{"line":173,"column":39}},"type":"default-arg","locations":[{"start":{"line":173,"column":37},"end":{"line":173,"column":39}}],"line":173},"33":{"loc":{"start":{"line":176,"column":6},"end":{"line":191,"column":7}},"type":"if","locations":[{"start":{"line":176,"column":6},"end":{"line":191,"column":7}},{"start":{"line":176,"column":6},"end":{"line":191,"column":7}}],"line":176},"34":{"loc":{"start":{"line":180,"column":11},"end":{"line":191,"column":7}},"type":"if","locations":[{"start":{"line":180,"column":11},"end":{"line":191,"column":7}},{"start":{"line":180,"column":11},"end":{"line":191,"column":7}}],"line":180},"35":{"loc":{"start":{"line":203,"column":13},"end":{"line":203,"column":36}},"type":"binary-expr","locations":[{"start":{"line":203,"column":13},"end":{"line":203,"column":21}},{"start":{"line":203,"column":25},"end":{"line":203,"column":36}}],"line":203},"36":{"loc":{"start":{"line":205,"column":4},"end":{"line":207,"column":5}},"type":"if","locations":[{"start":{"line":205,"column":4},"end":{"line":207,"column":5}},{"start":{"line":205,"column":4},"end":{"line":207,"column":5}}],"line":205},"37":{"loc":{"start":{"line":215,"column":2},"end":{"line":219,"column":3}},"type":"if","locations":[{"start":{"line":215,"column":2},"end":{"line":219,"column":3}},{"start":{"line":215,"column":2},"end":{"line":219,"column":3}}],"line":215},"38":{"loc":{"start":{"line":216,"column":11},"end":{"line":216,"column":111}},"type":"binary-expr","locations":[{"start":{"line":216,"column":11},"end":{"line":216,"column":34}},{"start":{"line":216,"column":38},"end":{"line":216,"column":71}},{"start":{"line":216,"column":75},"end":{"line":216,"column":111}}],"line":216},"39":{"loc":{"start":{"line":239,"column":2},"end":{"line":248,"column":3}},"type":"if","locations":[{"start":{"line":239,"column":2},"end":{"line":248,"column":3}},{"start":{"line":239,"column":2},"end":{"line":248,"column":3}}],"line":239},"40":{"loc":{"start":{"line":253,"column":2},"end":{"line":267,"column":3}},"type":"if","locations":[{"start":{"line":253,"column":2},"end":{"line":267,"column":3}},{"start":{"line":253,"column":2},"end":{"line":267,"column":3}}],"line":253},"41":{"loc":{"start":{"line":256,"column":6},"end":{"line":260,"column":7}},"type":"if","locations":[{"start":{"line":256,"column":6},"end":{"line":260,"column":7}},{"start":{"line":256,"column":6},"end":{"line":260,"column":7}}],"line":256},"42":{"loc":{"start":{"line":284,"column":9},"end":{"line":284,"column":60}},"type":"binary-expr","locations":[{"start":{"line":284,"column":9},"end":{"line":284,"column":49}},{"start":{"line":284,"column":53},"end":{"line":284,"column":60}}],"line":284},"43":{"loc":{"start":{"line":289,"column":33},"end":{"line":289,"column":48}},"type":"binary-expr","locations":[{"start":{"line":289,"column":33},"end":{"line":289,"column":40}},{"start":{"line":289,"column":44},"end":{"line":289,"column":48}}],"line":289},"44":{"loc":{"start":{"line":303,"column":33},"end":{"line":303,"column":48}},"type":"binary-expr","locations":[{"start":{"line":303,"column":33},"end":{"line":303,"column":40}},{"start":{"line":303,"column":44},"end":{"line":303,"column":48}}],"line":303},"45":{"loc":{"start":{"line":332,"column":2},"end":{"line":349,"column":3}},"type":"if","locations":[{"start":{"line":332,"column":2},"end":{"line":349,"column":3}},{"start":{"line":332,"column":2},"end":{"line":349,"column":3}}],"line":332},"46":{"loc":{"start":{"line":340,"column":7},"end":{"line":349,"column":3}},"type":"if","locations":[{"start":{"line":340,"column":7},"end":{"line":349,"column":3}},{"start":{"line":340,"column":7},"end":{"line":349,"column":3}}],"line":340},"47":{"loc":{"start":{"line":352,"column":27},"end":{"line":352,"column":39}},"type":"default-arg","locations":[{"start":{"line":352,"column":37},"end":{"line":352,"column":39}}],"line":352},"48":{"loc":{"start":{"line":353,"column":2},"end":{"line":355,"column":3}},"type":"if","locations":[{"start":{"line":353,"column":2},"end":{"line":355,"column":3}},{"start":{"line":353,"column":2},"end":{"line":355,"column":3}}],"line":353},"49":{"loc":{"start":{"line":356,"column":34},"end":{"line":356,"column":54}},"type":"binary-expr","locations":[{"start":{"line":356,"column":34},"end":{"line":356,"column":48}},{"start":{"line":356,"column":52},"end":{"line":356,"column":54}}],"line":356},"50":{"loc":{"start":{"line":357,"column":4},"end":{"line":359,"column":5}},"type":"if","locations":[{"start":{"line":357,"column":4},"end":{"line":359,"column":5}},{"start":{"line":357,"column":4},"end":{"line":359,"column":5}}],"line":357},"51":{"loc":{"start":{"line":360,"column":35},"end":{"line":360,"column":69}},"type":"binary-expr","locations":[{"start":{"line":360,"column":35},"end":{"line":360,"column":63}},{"start":{"line":360,"column":67},"end":{"line":360,"column":69}}],"line":360},"52":{"loc":{"start":{"line":361,"column":6},"end":{"line":363,"column":7}},"type":"if","locations":[{"start":{"line":361,"column":6},"end":{"line":363,"column":7}},{"start":{"line":361,"column":6},"end":{"line":363,"column":7}}],"line":361},"53":{"loc":{"start":{"line":368,"column":27},"end":{"line":368,"column":46}},"type":"default-arg","locations":[{"start":{"line":368,"column":36},"end":{"line":368,"column":46}}],"line":368},"54":{"loc":{"start":{"line":397,"column":25},"end":{"line":397,"column":51}},"type":"default-arg","locations":[{"start":{"line":397,"column":33},"end":{"line":397,"column":51}}],"line":397},"55":{"loc":{"start":{"line":398,"column":2},"end":{"line":398,"column":60}},"type":"if","locations":[{"start":{"line":398,"column":2},"end":{"line":398,"column":60}},{"start":{"line":398,"column":2},"end":{"line":398,"column":60}}],"line":398},"56":{"loc":{"start":{"line":402,"column":25},"end":{"line":402,"column":51}},"type":"default-arg","locations":[{"start":{"line":402,"column":33},"end":{"line":402,"column":51}}],"line":402},"57":{"loc":{"start":{"line":415,"column":10},"end":{"line":415,"column":36}},"type":"default-arg","locations":[{"start":{"line":415,"column":18},"end":{"line":415,"column":36}}],"line":415},"58":{"loc":{"start":{"line":415,"column":38},"end":{"line":415,"column":63}},"type":"default-arg","locations":[{"start":{"line":415,"column":45},"end":{"line":415,"column":63}}],"line":415},"59":{"loc":{"start":{"line":418,"column":2},"end":{"line":420,"column":3}},"type":"if","locations":[{"start":{"line":418,"column":2},"end":{"line":420,"column":3}},{"start":{"line":418,"column":2},"end":{"line":420,"column":3}}],"line":418},"60":{"loc":{"start":{"line":422,"column":2},"end":{"line":431,"column":3}},"type":"if","locations":[{"start":{"line":422,"column":2},"end":{"line":431,"column":3}},{"start":{"line":422,"column":2},"end":{"line":431,"column":3}}],"line":422},"61":{"loc":{"start":{"line":458,"column":2},"end":{"line":471,"column":3}},"type":"if","locations":[{"start":{"line":458,"column":2},"end":{"line":471,"column":3}},{"start":{"line":458,"column":2},"end":{"line":471,"column":3}}],"line":458},"62":{"loc":{"start":{"line":459,"column":22},"end":{"line":459,"column":81}},"type":"binary-expr","locations":[{"start":{"line":459,"column":22},"end":{"line":459,"column":41}},{"start":{"line":459,"column":45},"end":{"line":459,"column":81}}],"line":459},"63":{"loc":{"start":{"line":460,"column":22},"end":{"line":460,"column":81}},"type":"binary-expr","locations":[{"start":{"line":460,"column":22},"end":{"line":460,"column":41}},{"start":{"line":460,"column":45},"end":{"line":460,"column":81}}],"line":460},"64":{"loc":{"start":{"line":461,"column":4},"end":{"line":468,"column":5}},"type":"if","locations":[{"start":{"line":461,"column":4},"end":{"line":468,"column":5}},{"start":{"line":461,"column":4},"end":{"line":468,"column":5}}],"line":461},"65":{"loc":{"start":{"line":461,"column":8},"end":{"line":461,"column":30}},"type":"binary-expr","locations":[{"start":{"line":461,"column":8},"end":{"line":461,"column":17}},{"start":{"line":461,"column":21},"end":{"line":461,"column":30}}],"line":461}},"s":{"0":23,"1":23,"2":23,"3":1376,"4":1370,"5":1370,"6":6,"7":4,"8":1,"9":1,"10":1,"11":3,"12":2,"13":2,"14":2,"15":1,"16":1,"17":1376,"18":1374,"19":1374,"20":0,"21":1376,"22":1374,"23":1374,"24":1,"25":1376,"26":23,"27":112,"28":112,"29":112,"30":112,"31":112,"32":112,"33":112,"34":112,"35":23,"36":258,"37":23,"38":256,"39":256,"40":134,"41":123,"42":8,"43":256,"44":23,"45":122,"46":122,"47":23,"48":119,"49":119,"50":119,"51":7,"52":0,"53":7,"54":7,"55":2,"56":2,"57":2,"58":5,"59":5,"60":7,"61":23,"62":116,"63":116,"64":116,"65":23,"66":118,"67":118,"68":118,"69":6,"70":6,"71":6,"72":6,"73":23,"74":116,"75":116,"76":116,"77":23,"78":124,"79":124,"80":124,"81":124,"82":6,"83":118,"84":6,"85":124,"86":112,"87":12,"88":18,"89":18,"90":19,"91":18,"92":1,"93":17,"94":18,"95":18,"96":18,"97":18,"98":18,"99":18,"100":18,"101":4,"102":8,"103":14,"104":14,"105":14,"106":3,"107":5,"108":11,"109":0,"110":0,"111":0,"112":0,"113":11,"114":19,"115":18,"116":23,"117":124,"118":124,"119":18,"120":10,"121":10,"122":10,"123":18,"124":1,"125":18,"126":124,"127":23,"128":4,"129":4,"130":3,"131":1,"132":23,"133":23,"134":2,"135":2,"136":2,"137":2,"138":0,"139":0,"140":0,"141":23,"142":2,"143":2,"144":2,"145":2,"146":1,"147":1,"148":0,"149":0,"150":0,"151":23,"152":20,"153":20,"154":20,"155":23,"156":20,"157":20,"158":23,"159":23,"160":23,"161":23,"162":23,"163":10,"164":5,"165":23,"166":31,"167":31,"168":23,"169":9,"170":9,"171":23,"172":5,"173":5,"174":23,"175":5,"176":5,"177":23,"178":3,"179":3,"180":23,"181":6,"182":6,"183":6,"184":0,"185":0,"186":0,"187":6,"188":0,"189":0,"190":0,"191":6,"192":23,"193":9,"194":0,"195":9,"196":19,"197":0,"198":19,"199":19,"200":19,"201":23,"202":0,"203":10,"204":23,"205":1095,"206":134,"207":1095,"208":23,"209":2,"210":2,"211":48,"212":2,"213":2,"214":23,"215":1093,"216":1093,"217":1093,"218":133,"219":1093,"220":134,"221":134,"222":1093,"223":23,"224":8,"225":8,"226":192,"227":2,"228":8,"229":23,"230":0,"231":23,"232":0,"233":23,"234":0,"235":23,"236":10,"237":3,"238":3,"239":3,"240":3,"241":0,"242":0,"243":0,"244":7},"f":{"0":1376,"1":112,"2":258,"3":256,"4":123,"5":8,"6":122,"7":119,"8":7,"9":2,"10":2,"11":5,"12":116,"13":118,"14":6,"15":6,"16":116,"17":124,"18":18,"19":18,"20":19,"21":18,"22":18,"23":18,"24":8,"25":5,"26":0,"27":0,"28":0,"29":19,"30":124,"31":10,"32":4,"33":0,"34":2,"35":2,"36":20,"37":20,"38":23,"39":10,"40":5,"41":31,"42":9,"43":9,"44":5,"45":5,"46":3,"47":6,"48":6,"49":0,"50":0,"51":9,"52":10,"53":0,"54":1095,"55":2,"56":48,"57":2,"58":1093,"59":8,"60":192,"61":2,"62":0,"63":0,"64":0,"65":10,"66":0},"b":{"0":[1370,6],"1":[1370,0],"2":[1370,0],"3":[4,2],"4":[1,3],"5":[2,1],"6":[1374,2],"7":[0,1374],"8":[1374,2],"9":[1,1373],"10":[112,0],"11":[2,256],"12":[0],"13":[134,122],"14":[119,112],"15":[0,7],"16":[7,0],"17":[2,5],"18":[116,0],"19":[118,112],"20":[6,0],"21":[116,0],"22":[6,118],"23":[6,112],"24":[112,12],"25":[17],"26":[1,17],"27":[0],"28":[0],"29":[4,14],"30":[14,0],"31":[14,14,14],"32":[14],"33":[3,11],"34":[0,11],"35":[10,8],"36":[1,17],"37":[3,1],"38":[3,3,3],"39":[2,0],"40":[2,0],"41":[1,1],"42":[23,1],"43":[5,5],"44":[9,9],"45":[0,6],"46":[0,6],"47":[0],"48":[0,9],"49":[9,0],"50":[0,19],"51":[19,0],"52":[19,0],"53":[0],"54":[0],"55":[134,961],"56":[1],"57":[2],"58":[2],"59":[133,960],"60":[134,959],"61":[3,7],"62":[3,3],"63":[3,3],"64":[3,0],"65":[3,0]},"_coverageSchema":"43e27e138ebf9cfc5966b082cf9a028302ed4184","hash":"2be37c5dd71fb7e15ac3c701627525ce7745e73d"}
}
