TN:
SF:C:\Users\desse\Documents\github\projects\vue-teddy-store\src\index.js
FN:10,getInstance
FN:11,(anonymous_1)
FN:12,(anonymous_2)
FN:22,(anonymous_3)
FN:31,(anonymous_4)
FN:49,(anonymous_5)
FN:53,(anonymous_6)
FN:56,(anonymous_7)
FN:56,(anonymous_8)
FN:61,(anonymous_9)
FN:69,(anonymous_10)
FN:74,(anonymous_11)
FN:79,(anonymous_12)
FN:89,(anonymous_13)
FN:93,(anonymous_14)
FN:97,(anonymous_15)
FN:107,(anonymous_16)
FN:111,(anonymous_17)
FN:113,get
FN:119,(anonymous_19)
FN:123,(anonymous_20)
FN:125,set
FN:131,(anonymous_22)
FN:135,(anonymous_23)
FNF:24
FNH:13
FNDA:0,getInstance
FNDA:0,(anonymous_1)
FNDA:0,(anonymous_2)
FNDA:4,(anonymous_3)
FNDA:12,(anonymous_4)
FNDA:2,(anonymous_5)
FNDA:2,(anonymous_6)
FNDA:2,(anonymous_7)
FNDA:6,(anonymous_8)
FNDA:2,(anonymous_9)
FNDA:5,(anonymous_10)
FNDA:5,(anonymous_11)
FNDA:3,(anonymous_12)
FNDA:4,(anonymous_13)
FNDA:17,(anonymous_14)
FNDA:14,(anonymous_15)
FNDA:0,(anonymous_16)
FNDA:0,(anonymous_17)
FNDA:0,get
FNDA:0,(anonymous_19)
FNDA:0,(anonymous_20)
FNDA:0,set
FNDA:0,(anonymous_22)
FNDA:0,(anonymous_23)
DA:11,0
DA:12,0
DA:13,0
DA:14,0
DA:18,0
DA:23,4
DA:24,4
DA:32,12
DA:34,12
DA:40,12
DA:41,12
DA:42,2
DA:43,10
DA:44,2
DA:47,12
DA:48,4
DA:49,2
DA:50,3
DA:51,3
DA:52,3
DA:53,2
DA:54,2
DA:55,1
DA:56,6
DA:61,2
DA:66,12
DA:70,5
DA:71,0
DA:73,5
DA:74,5
DA:76,5
DA:80,3
DA:81,3
DA:82,4
DA:83,4
DA:86,3
DA:90,4
DA:94,17
DA:98,14
DA:99,12
DA:103,2
DA:108,0
DA:112,0
DA:113,0
DA:114,0
DA:115,0
DA:120,0
DA:124,0
DA:125,0
DA:126,0
DA:127,0
DA:132,0
DA:136,0
DA:137,0
DA:138,0
DA:139,0
LF:56
LH:35
BRDA:11,0,0,0
BRDA:11,0,1,0
BRDA:12,1,0,0
BRDA:12,1,1,0
BRDA:12,1,2,0
BRDA:13,2,0,0
BRDA:13,2,1,0
BRDA:13,3,0,0
BRDA:13,3,1,0
BRDA:14,4,0,0
BRDA:14,4,1,0
BRDA:36,5,0,12
BRDA:36,5,1,11
BRDA:41,6,0,2
BRDA:41,6,1,10
BRDA:43,7,0,2
BRDA:43,7,1,8
BRDA:48,8,0,1
BRDA:48,8,1,3
BRDA:50,9,0,3
BRDA:50,9,1,0
BRDA:50,10,0,3
BRDA:50,10,1,3
BRDA:50,10,2,3
BRDA:51,11,0,2
BRDA:52,12,0,1
BRDA:52,12,1,2
BRDA:54,13,0,1
BRDA:54,13,1,1
BRDA:69,14,0,0
BRDA:70,15,0,0
BRDA:70,15,1,5
BRDA:73,16,0,5
BRDA:73,16,1,0
BRDA:79,17,0,0
BRDA:80,18,0,1
BRDA:80,18,1,2
BRDA:82,19,0,4
BRDA:82,19,1,0
BRDA:98,20,0,12
BRDA:98,20,1,2
BRDA:112,21,0,0
BRDA:112,21,1,0
BRDA:124,22,0,0
BRDA:124,22,1,0
BRDA:136,23,0,0
BRDA:136,23,1,0
BRF:47
BRH:24
end_of_record
TN:
SF:C:\Users\desse\Documents\github\projects\vue-teddy-store\src\utils.js
FN:3,resolvePath
FN:4,(anonymous_1)
FN:15,isComputed
FN:21,omit
FN:22,(anonymous_4)
FN:30,debounce
FN:32,(anonymous_6)
FN:34,(anonymous_7)
FN:40,hasProp
FN:54,getProp
FN:63,get
FN:70,_get
FN:83,setProp
FN:97,set
FN:105,(anonymous_14)
FN:107,(anonymous_15)
FNF:16
FNH:13
FNDA:22,resolvePath
FNDA:4,(anonymous_1)
FNDA:55,isComputed
FNDA:12,omit
FNDA:17,(anonymous_4)
FNDA:0,debounce
FNDA:0,(anonymous_6)
FNDA:0,(anonymous_7)
FNDA:14,hasProp
FNDA:40,getProp
FNDA:16,get
FNDA:56,_get
FNDA:15,setProp
FNDA:6,set
FNDA:15,(anonymous_14)
FNDA:15,(anonymous_15)
DA:1,5
DA:4,22
DA:5,4
DA:6,4
DA:7,4
DA:16,55
DA:17,0
DA:18,0
DA:22,12
DA:23,17
DA:24,17
DA:26,17
DA:32,0
DA:33,0
DA:34,0
DA:35,0
DA:41,14
DA:42,0
DA:43,0
DA:44,0
DA:45,0
DA:47,0
DA:50,14
DA:55,40
DA:56,40
DA:57,0
DA:58,40
DA:59,40
DA:64,16
DA:71,56
DA:72,40
DA:73,40
DA:74,40
DA:76,16
DA:80,16
DA:84,15
DA:85,0
DA:86,0
DA:91,15
DA:92,15
DA:93,15
DA:98,6
DA:99,6
DA:105,15
DA:107,6
DA:108,15
DA:109,15
DA:110,9
DA:111,9
DA:112,4
DA:113,5
DA:116,5
DA:118,0
DA:121,6
DA:125,6
DA:126,6
DA:129,0
DA:130,0
DA:132,0
DA:136,6
LF:60
LH:42
BRDA:6,0,0,4
BRDA:6,0,1,0
BRDA:16,1,0,55
BRDA:16,1,1,0
BRDA:16,2,0,55
BRDA:16,2,1,55
BRDA:16,2,2,55
BRDA:18,3,0,0
BRDA:18,3,1,0
BRDA:21,4,0,0
BRDA:23,5,0,17
BRDA:23,5,1,0
BRDA:30,6,0,0
BRDA:41,7,0,0
BRDA:41,7,1,14
BRDA:41,8,0,14
BRDA:41,8,1,14
BRDA:42,9,0,0
BRDA:42,9,1,0
BRDA:42,10,0,0
BRDA:42,10,1,0
BRDA:44,11,0,0
BRDA:44,11,1,0
BRDA:55,12,0,0
BRDA:55,12,1,40
BRDA:55,13,0,40
BRDA:55,13,1,40
BRDA:56,14,0,0
BRDA:56,14,1,40
BRDA:56,15,0,40
BRDA:56,15,1,0
BRDA:58,16,0,40
BRDA:58,16,1,0
BRDA:71,17,0,40
BRDA:71,17,1,16
BRDA:74,18,0,40
BRDA:74,18,1,0
BRDA:84,19,0,0
BRDA:84,19,1,15
BRDA:84,20,0,15
BRDA:84,20,1,0
BRDA:109,21,0,9
BRDA:109,21,1,6
BRDA:111,22,0,4
BRDA:111,22,1,5
BRDA:111,23,0,9
BRDA:111,23,1,9
BRDA:113,24,0,5
BRDA:113,24,1,0
BRDA:125,25,0,6
BRDA:125,25,1,0
BRDA:129,26,0,0
BRDA:129,26,1,0
BRF:53
BRH:28
end_of_record
TN:
SF:C:\Users\desse\Documents\github\projects\vue-teddy-store\src\plugins\cache.js
FN:4,(anonymous_0)
FN:6,(anonymous_1)
FNF:2
FNH:2
FNDA:6,(anonymous_0)
FNDA:2,(anonymous_1)
DA:4,6
LF:1
LH:1
BRF:0
BRH:0
end_of_record
TN:
SF:C:\Users\desse\Documents\github\projects\vue-teddy-store\src\plugins\history.js
FN:4,(anonymous_0)
FN:8,(anonymous_1)
FNF:2
FNH:2
FNDA:1,(anonymous_0)
FNDA:2,(anonymous_1)
DA:5,1
DA:6,1
DA:9,2
LF:3
LH:3
BRF:0
BRH:0
end_of_record
TN:
SF:C:\Users\desse\Documents\github\projects\vue-teddy-store\src\plugins\sync.js
FN:5,(anonymous_0)
FNF:1
FNH:1
FNDA:1,(anonymous_0)
LF:0
LH:0
BRF:0
BRH:0
end_of_record
