TN:
SF:C:\Users\desse\Documents\github\projects\vue-teddy-store\src\accessors.js
FN:6,setProp
FN:31,getProp
FN:54,hasProp
FN:70,removeProp
FN:94,afterGetSteps
FN:111,(anonymous_5)
FN:120,(anonymous_6)
FNF:7
FNH:7
FNDA:27,setProp
FNDA:267,getProp
FNDA:202,hasProp
FNDA:18,removeProp
FNDA:91,afterGetSteps
FNDA:26,(anonymous_5)
FNDA:18,(anonymous_6)
DA:7,27
DA:8,27
DA:9,27
DA:10,11
DA:11,11
DA:12,0
DA:14,11
DA:16,16
DA:17,16
DA:18,5
DA:20,11
DA:23,0
DA:24,0
DA:26,0
DA:32,267
DA:33,267
DA:34,267
DA:35,91
DA:36,91
DA:38,0
DA:42,176
DA:45,0
DA:46,0
DA:48,0
DA:55,202
DA:56,0
DA:57,202
DA:60,202
DA:61,69
DA:62,133
DA:63,132
DA:66,0
DA:71,18
DA:72,18
DA:73,18
DA:74,8
DA:75,0
DA:77,8
DA:79,8
DA:80,10
DA:81,10
DA:82,2
DA:84,8
DA:86,10
DA:90,0
DA:95,91
DA:98,18
DA:105,18
DA:111,18
DA:113,26
DA:120,18
DA:122,18
DA:132,18
DA:138,18
DA:143,18
DA:148,18
LF:56
LH:44
BRDA:9,0,0,11
BRDA:9,0,1,16
BRDA:9,1,0,27
BRDA:9,1,1,11
BRDA:11,2,0,0
BRDA:11,2,1,11
BRDA:16,3,0,16
BRDA:16,3,1,0
BRDA:16,4,0,16
BRDA:16,4,1,16
BRDA:16,4,2,16
BRDA:17,5,0,5
BRDA:17,5,1,11
BRDA:23,6,0,0
BRDA:23,6,1,0
BRDA:32,7,0,267
BRDA:32,7,1,0
BRDA:32,8,0,267
BRDA:32,8,1,36
BRDA:33,9,0,267
BRDA:33,9,1,0
BRDA:34,10,0,91
BRDA:34,10,1,176
BRDA:35,11,0,91
BRDA:35,11,1,0
BRDA:45,12,0,0
BRDA:45,12,1,0
BRDA:55,13,0,0
BRDA:55,13,1,202
BRDA:55,14,0,202
BRDA:55,14,1,33
BRDA:57,15,0,202
BRDA:57,15,1,0
BRDA:60,16,0,69
BRDA:60,16,1,133
BRDA:60,17,0,202
BRDA:60,17,1,70
BRDA:60,17,2,70
BRDA:62,18,0,132
BRDA:62,18,1,1
BRDA:62,19,0,133
BRDA:62,19,1,133
BRDA:73,20,0,8
BRDA:73,20,1,10
BRDA:74,21,0,0
BRDA:74,21,1,8
BRDA:80,22,0,10
BRDA:80,22,1,0
BRDA:81,23,0,2
BRDA:81,23,1,8
BRDA:94,24,0,0
BRDA:95,25,0,91
BRDA:95,25,1,0
BRF:53
BRH:38
end_of_record
TN:
SF:C:\Users\desse\Documents\github\projects\vue-teddy-store\src\utils.js
FN:3,isComputed
FN:12,isString
FN:16,omit
FN:17,(anonymous_3)
FN:25,pick
FN:25,(anonymous_5)
FN:35,debounce
FN:37,(anonymous_7)
FN:39,(anonymous_8)
FN:45,resolvePath
FN:48,(anonymous_10)
FN:54,isValidArrayIndex
FNF:12
FNH:4
FNDA:206,isComputed
FNDA:0,isString
FNDA:2,omit
FNDA:2,(anonymous_3)
FNDA:0,pick
FNDA:0,(anonymous_5)
FNDA:0,debounce
FNDA:0,(anonymous_7)
FNDA:0,(anonymous_8)
FNDA:0,resolvePath
FNDA:0,(anonymous_10)
FNDA:11,isValidArrayIndex
DA:4,206
DA:5,136
DA:7,70
DA:8,70
DA:13,0
DA:17,2
DA:18,2
DA:19,0
DA:21,2
DA:25,0
DA:26,0
DA:27,0
DA:28,0
DA:29,0
DA:32,0
DA:37,0
DA:38,0
DA:39,0
DA:40,0
DA:46,0
DA:48,0
DA:52,18
DA:55,11
DA:56,11
LF:24
LH:10
BRDA:4,0,0,136
BRDA:4,0,1,70
BRDA:4,1,0,206
BRDA:4,1,1,169
BRDA:4,1,2,169
BRDA:16,2,0,0
BRDA:18,3,0,0
BRDA:18,3,1,2
BRDA:25,4,0,0
BRDA:25,5,0,0
BRDA:28,6,0,0
BRDA:28,6,1,0
BRDA:35,7,0,0
BRDA:56,8,0,11
BRDA:56,8,1,11
BRDA:56,8,2,11
BRF:16
BRH:9
end_of_record
